ID/Start/End = 0/0/1000
Simulated 10000 GRBs (9780 detected) at z=0 : 97.8%
Simulated 10000 GRBs (9180 detected) at z=0.01 : 91.8%
Simulated 10000 GRBs (9056 detected) at z=0.02 : 90.56%
Simulated 10000 GRBs (8962 detected) at z=0.03 : 89.62%
Simulated 10000 GRBs (8951 detected) at z=0.04 : 89.51%
Simulated 10000 GRBs (8865 detected) at z=0.05 : 88.65%
Simulated 10000 GRBs (8804 detected) at z=0.06 : 88.04%
Simulated 10000 GRBs (8746 detected) at z=0.07 : 87.46%
Simulated 10000 GRBs (8691 detected) at z=0.08 : 86.91%
Simulated 10000 GRBs (8795 detected) at z=0.09 : 87.95%
Simulated 10000 GRBs (8712 detected) at z=0.1 : 87.12%
Simulated 10000 GRBs (8621 detected) at z=0.11 : 86.21%
Simulated 10000 GRBs (8606 detected) at z=0.12 : 86.06%
Simulated 10000 GRBs (8570 detected) at z=0.13 : 85.7%
Simulated 10000 GRBs (8531 detected) at z=0.14 : 85.31%
Simulated 10000 GRBs (8536 detected) at z=0.15 : 85.36%
Simulated 10000 GRBs (8474 detected) at z=0.16 : 84.74%
Simulated 10000 GRBs (8480 detected) at z=0.17 : 84.8%
Simulated 10000 GRBs (8471 detected) at z=0.18 : 84.71%
Simulated 10000 GRBs (8322 detected) at z=0.19 : 83.22%
Simulated 10000 GRBs (8349 detected) at z=0.2 : 83.49%
Simulated 10000 GRBs (8336 detected) at z=0.21 : 83.36%
Simulated 10000 GRBs (8236 detected) at z=0.22 : 82.36%
Simulated 10000 GRBs (8271 detected) at z=0.23 : 82.71%
Simulated 10000 GRBs (8235 detected) at z=0.24 : 82.35%
Simulated 10000 GRBs (8166 detected) at z=0.25 : 81.66%
Simulated 10000 GRBs (8184 detected) at z=0.26 : 81.84%
Simulated 10000 GRBs (8097 detected) at z=0.27 : 80.97%
Simulated 10000 GRBs (8105 detected) at z=0.28 : 81.05%
Simulated 10000 GRBs (8105 detected) at z=0.29 : 81.05%
Simulated 10000 GRBs (8120 detected) at z=0.3 : 81.2%
Simulated 10000 GRBs (8018 detected) at z=0.31 : 80.18%
Simulated 10000 GRBs (7978 detected) at z=0.32 : 79.78%
Simulated 10000 GRBs (7981 detected) at z=0.33 : 79.81%
Simulated 10000 GRBs (7944 detected) at z=0.34 : 79.44%
Simulated 10000 GRBs (7903 detected) at z=0.35 : 79.03%
Simulated 10000 GRBs (7884 detected) at z=0.36 : 78.84%
Simulated 10000 GRBs (7907 detected) at z=0.37 : 79.07%
Simulated 10000 GRBs (7849 detected) at z=0.38 : 78.49%
Simulated 10000 GRBs (7762 detected) at z=0.39 : 77.62%
Simulated 10000 GRBs (7761 detected) at z=0.4 : 77.61%
Simulated 10000 GRBs (7681 detected) at z=0.41 : 76.81%
Simulated 10000 GRBs (7704 detected) at z=0.42 : 77.04%
Simulated 10000 GRBs (7634 detected) at z=0.43 : 76.34%
Simulated 10000 GRBs (7571 detected) at z=0.44 : 75.71%
Simulated 10000 GRBs (7534 detected) at z=0.45 : 75.34%
Simulated 10000 GRBs (7550 detected) at z=0.46 : 75.5%
Simulated 10000 GRBs (7557 detected) at z=0.47 : 75.57%
Simulated 10000 GRBs (7520 detected) at z=0.48 : 75.2%
Simulated 10000 GRBs (7470 detected) at z=0.49 : 74.7%
Simulated 10000 GRBs (7449 detected) at z=0.5 : 74.49%
Simulated 10000 GRBs (7364 detected) at z=0.51 : 73.64%
Simulated 10000 GRBs (7414 detected) at z=0.52 : 74.14%
Simulated 10000 GRBs (7291 detected) at z=0.53 : 72.91%
Simulated 10000 GRBs (7291 detected) at z=0.54 : 72.91%
Simulated 10000 GRBs (7262 detected) at z=0.55 : 72.62%
Simulated 10000 GRBs (7229 detected) at z=0.56 : 72.29%
Simulated 10000 GRBs (7203 detected) at z=0.57 : 72.03%
Simulated 10000 GRBs (7164 detected) at z=0.58 : 71.64%
Simulated 10000 GRBs (7034 detected) at z=0.59 : 70.34%
Simulated 10000 GRBs (7088 detected) at z=0.6 : 70.88%
Simulated 10000 GRBs (7078 detected) at z=0.61 : 70.78%
Simulated 10000 GRBs (7048 detected) at z=0.62 : 70.48%
Simulated 10000 GRBs (7011 detected) at z=0.63 : 70.11%
Simulated 10000 GRBs (6926 detected) at z=0.64 : 69.26%
Simulated 10000 GRBs (6920 detected) at z=0.65 : 69.2%
Simulated 10000 GRBs (6856 detected) at z=0.66 : 68.56%
Simulated 10000 GRBs (6880 detected) at z=0.67 : 68.8%
Simulated 10000 GRBs (6811 detected) at z=0.68 : 68.11%
Simulated 10000 GRBs (6847 detected) at z=0.69 : 68.47%
Simulated 10000 GRBs (6693 detected) at z=0.7 : 66.93%
Simulated 10000 GRBs (6681 detected) at z=0.71 : 66.81%
Simulated 10000 GRBs (6704 detected) at z=0.72 : 67.04%
Simulated 10000 GRBs (6647 detected) at z=0.73 : 66.47%
Simulated 10000 GRBs (6585 detected) at z=0.74 : 65.85%
Simulated 10000 GRBs (6497 detected) at z=0.75 : 64.97%
Simulated 10000 GRBs (6455 detected) at z=0.76 : 64.55%
Simulated 10000 GRBs (6523 detected) at z=0.77 : 65.23%
Simulated 10000 GRBs (6532 detected) at z=0.78 : 65.32%
Simulated 10000 GRBs (6460 detected) at z=0.79 : 64.6%
Simulated 10000 GRBs (6484 detected) at z=0.8 : 64.84%
Simulated 10000 GRBs (6379 detected) at z=0.81 : 63.79%
Simulated 10000 GRBs (6376 detected) at z=0.82 : 63.76%
Simulated 10000 GRBs (6331 detected) at z=0.83 : 63.31%
Simulated 10000 GRBs (6321 detected) at z=0.84 : 63.21%
Simulated 10000 GRBs (6331 detected) at z=0.85 : 63.31%
Simulated 10000 GRBs (6223 detected) at z=0.86 : 62.23%
Simulated 10000 GRBs (6209 detected) at z=0.87 : 62.09%
Simulated 10000 GRBs (6149 detected) at z=0.88 : 61.49%
Simulated 10000 GRBs (6124 detected) at z=0.89 : 61.24%
Simulated 10000 GRBs (6085 detected) at z=0.9 : 60.85%
Simulated 10000 GRBs (6045 detected) at z=0.91 : 60.45%
Simulated 10000 GRBs (6019 detected) at z=0.92 : 60.19%
Simulated 10000 GRBs (5926 detected) at z=0.93 : 59.26%
Simulated 10000 GRBs (5887 detected) at z=0.94 : 58.87%
Simulated 10000 GRBs (5926 detected) at z=0.95 : 59.26%
Simulated 10000 GRBs (5799 detected) at z=0.96 : 57.99%
Simulated 10000 GRBs (5792 detected) at z=0.97 : 57.92%
Simulated 10000 GRBs (5761 detected) at z=0.98 : 57.61%
Simulated 10000 GRBs (5698 detected) at z=0.99 : 56.98%
Simulated 10000 GRBs (5678 detected) at z=1 : 56.78%
Simulated 10000 GRBs (5580 detected) at z=1.01 : 55.8%
Simulated 10000 GRBs (5568 detected) at z=1.02 : 55.68%
Simulated 10000 GRBs (5535 detected) at z=1.03 : 55.35%
Simulated 10000 GRBs (5557 detected) at z=1.04 : 55.57%
Simulated 10000 GRBs (5520 detected) at z=1.05 : 55.2%
Simulated 10000 GRBs (5500 detected) at z=1.06 : 55%
Simulated 10000 GRBs (5514 detected) at z=1.07 : 55.14%
Simulated 10000 GRBs (5426 detected) at z=1.08 : 54.26%
Simulated 10000 GRBs (5362 detected) at z=1.09 : 53.62%
Simulated 10000 GRBs (5347 detected) at z=1.1 : 53.47%
Simulated 10000 GRBs (5284 detected) at z=1.11 : 52.84%
Simulated 10000 GRBs (5348 detected) at z=1.12 : 53.48%
Simulated 10000 GRBs (5129 detected) at z=1.13 : 51.29%
Simulated 10000 GRBs (5212 detected) at z=1.14 : 52.12%
Simulated 10000 GRBs (5282 detected) at z=1.15 : 52.82%
Simulated 10000 GRBs (5110 detected) at z=1.16 : 51.1%
Simulated 10000 GRBs (5073 detected) at z=1.17 : 50.73%
Simulated 10000 GRBs (5001 detected) at z=1.18 : 50.01%
Simulated 10000 GRBs (4986 detected) at z=1.19 : 49.86%
Simulated 10000 GRBs (4980 detected) at z=1.2 : 49.8%
Simulated 10000 GRBs (4909 detected) at z=1.21 : 49.09%
Simulated 10000 GRBs (4878 detected) at z=1.22 : 48.78%
Simulated 10000 GRBs (4819 detected) at z=1.23 : 48.19%
Simulated 10000 GRBs (4857 detected) at z=1.24 : 48.57%
Simulated 10000 GRBs (4887 detected) at z=1.25 : 48.87%
Simulated 10000 GRBs (4769 detected) at z=1.26 : 47.69%
Simulated 10000 GRBs (4754 detected) at z=1.27 : 47.54%
Simulated 10000 GRBs (4763 detected) at z=1.28 : 47.63%
Simulated 10000 GRBs (4724 detected) at z=1.29 : 47.24%
Simulated 10000 GRBs (4649 detected) at z=1.3 : 46.49%
Simulated 10000 GRBs (4708 detected) at z=1.31 : 47.08%
Simulated 10000 GRBs (4613 detected) at z=1.32 : 46.13%
Simulated 10000 GRBs (4439 detected) at z=1.33 : 44.39%
Simulated 10000 GRBs (4444 detected) at z=1.34 : 44.44%
Simulated 10000 GRBs (4470 detected) at z=1.35 : 44.7%
Simulated 10000 GRBs (4421 detected) at z=1.36 : 44.21%
Simulated 10000 GRBs (4407 detected) at z=1.37 : 44.07%
Simulated 10000 GRBs (4489 detected) at z=1.38 : 44.89%
Simulated 10000 GRBs (4406 detected) at z=1.39 : 44.06%
Simulated 10000 GRBs (4364 detected) at z=1.4 : 43.64%
Simulated 10000 GRBs (4372 detected) at z=1.41 : 43.72%
Simulated 10000 GRBs (4224 detected) at z=1.42 : 42.24%
Simulated 10000 GRBs (4272 detected) at z=1.43 : 42.72%
Simulated 10000 GRBs (4359 detected) at z=1.44 : 43.59%
Simulated 10000 GRBs (4200 detected) at z=1.45 : 42%
Simulated 10000 GRBs (4197 detected) at z=1.46 : 41.97%
Simulated 10000 GRBs (4207 detected) at z=1.47 : 42.07%
Simulated 10000 GRBs (4091 detected) at z=1.48 : 40.91%
Simulated 10000 GRBs (4036 detected) at z=1.49 : 40.36%
Simulated 10000 GRBs (3992 detected) at z=1.5 : 39.92%
Simulated 10000 GRBs (3966 detected) at z=1.51 : 39.66%
Simulated 10000 GRBs (4015 detected) at z=1.52 : 40.15%
Simulated 10000 GRBs (3954 detected) at z=1.53 : 39.54%
Simulated 10000 GRBs (3983 detected) at z=1.54 : 39.83%
Simulated 10000 GRBs (4018 detected) at z=1.55 : 40.18%
Simulated 10000 GRBs (3900 detected) at z=1.56 : 39%
Simulated 10000 GRBs (3960 detected) at z=1.57 : 39.6%
Simulated 10000 GRBs (3808 detected) at z=1.58 : 38.08%
Simulated 10000 GRBs (3877 detected) at z=1.59 : 38.77%
Simulated 10000 GRBs (3803 detected) at z=1.6 : 38.03%
Simulated 10000 GRBs (3838 detected) at z=1.61 : 38.38%
Simulated 10000 GRBs (3803 detected) at z=1.62 : 38.03%
Simulated 10000 GRBs (3862 detected) at z=1.63 : 38.62%
Simulated 10000 GRBs (3678 detected) at z=1.64 : 36.78%
Simulated 10000 GRBs (3687 detected) at z=1.65 : 36.87%
Simulated 10000 GRBs (3736 detected) at z=1.66 : 37.36%
Simulated 10000 GRBs (3641 detected) at z=1.67 : 36.41%
Simulated 10000 GRBs (3604 detected) at z=1.68 : 36.04%
Simulated 10000 GRBs (3579 detected) at z=1.69 : 35.79%
Simulated 10000 GRBs (3539 detected) at z=1.7 : 35.39%
Simulated 10000 GRBs (3483 detected) at z=1.71 : 34.83%
Simulated 10000 GRBs (3461 detected) at z=1.72 : 34.61%
Simulated 10000 GRBs (3495 detected) at z=1.73 : 34.95%
Simulated 10000 GRBs (3498 detected) at z=1.74 : 34.98%
Simulated 10000 GRBs (3425 detected) at z=1.75 : 34.25%
Simulated 10000 GRBs (3515 detected) at z=1.76 : 35.15%
Simulated 10000 GRBs (3388 detected) at z=1.77 : 33.88%
Simulated 10000 GRBs (3360 detected) at z=1.78 : 33.6%
Simulated 10000 GRBs (3375 detected) at z=1.79 : 33.75%
Simulated 10000 GRBs (3390 detected) at z=1.8 : 33.9%
Simulated 10000 GRBs (3299 detected) at z=1.81 : 32.99%
Simulated 10000 GRBs (3236 detected) at z=1.82 : 32.36%
Simulated 10000 GRBs (3314 detected) at z=1.83 : 33.14%
Simulated 10000 GRBs (3244 detected) at z=1.84 : 32.44%
Simulated 10000 GRBs (3186 detected) at z=1.85 : 31.86%
Simulated 10000 GRBs (3199 detected) at z=1.86 : 31.99%
Simulated 10000 GRBs (3160 detected) at z=1.87 : 31.6%
Simulated 10000 GRBs (3196 detected) at z=1.88 : 31.96%
Simulated 10000 GRBs (3029 detected) at z=1.89 : 30.29%
Simulated 10000 GRBs (3176 detected) at z=1.9 : 31.76%
Simulated 10000 GRBs (3122 detected) at z=1.91 : 31.22%
Simulated 10000 GRBs (3073 detected) at z=1.92 : 30.73%
Simulated 10000 GRBs (3046 detected) at z=1.93 : 30.46%
Simulated 10000 GRBs (3084 detected) at z=1.94 : 30.84%
Simulated 10000 GRBs (3018 detected) at z=1.95 : 30.18%
Simulated 10000 GRBs (3018 detected) at z=1.96 : 30.18%
Simulated 10000 GRBs (2957 detected) at z=1.97 : 29.57%
Simulated 10000 GRBs (3014 detected) at z=1.98 : 30.14%
Simulated 10000 GRBs (2882 detected) at z=1.99 : 28.82%
Simulated 10000 GRBs (3046 detected) at z=2 : 30.46%
Simulated 10000 GRBs (2898 detected) at z=2.01 : 28.98%
Simulated 10000 GRBs (2879 detected) at z=2.02 : 28.79%
Simulated 10000 GRBs (2857 detected) at z=2.03 : 28.57%
Simulated 10000 GRBs (2895 detected) at z=2.04 : 28.95%
Simulated 10000 GRBs (2820 detected) at z=2.05 : 28.2%
Simulated 10000 GRBs (2875 detected) at z=2.06 : 28.75%
Simulated 10000 GRBs (2759 detected) at z=2.07 : 27.59%
Simulated 10000 GRBs (2707 detected) at z=2.08 : 27.07%
Simulated 10000 GRBs (2782 detected) at z=2.09 : 27.82%
Simulated 10000 GRBs (2736 detected) at z=2.1 : 27.36%
Simulated 10000 GRBs (2821 detected) at z=2.11 : 28.21%
Simulated 10000 GRBs (2702 detected) at z=2.12 : 27.02%
Simulated 10000 GRBs (2759 detected) at z=2.13 : 27.59%
Simulated 10000 GRBs (2693 detected) at z=2.14 : 26.93%
Simulated 10000 GRBs (2652 detected) at z=2.15 : 26.52%
Simulated 10000 GRBs (2595 detected) at z=2.16 : 25.95%
Simulated 10000 GRBs (2634 detected) at z=2.17 : 26.34%
Simulated 10000 GRBs (2605 detected) at z=2.18 : 26.05%
Simulated 10000 GRBs (2617 detected) at z=2.19 : 26.17%
Simulated 10000 GRBs (2510 detected) at z=2.2 : 25.1%
Simulated 10000 GRBs (2508 detected) at z=2.21 : 25.08%
Simulated 10000 GRBs (2503 detected) at z=2.22 : 25.03%
Simulated 10000 GRBs (2471 detected) at z=2.23 : 24.71%
Simulated 10000 GRBs (2482 detected) at z=2.24 : 24.82%
Simulated 10000 GRBs (2479 detected) at z=2.25 : 24.79%
Simulated 10000 GRBs (2466 detected) at z=2.26 : 24.66%
Simulated 10000 GRBs (2525 detected) at z=2.27 : 25.25%
Simulated 10000 GRBs (2425 detected) at z=2.28 : 24.25%
Simulated 10000 GRBs (2357 detected) at z=2.29 : 23.57%
Simulated 10000 GRBs (2395 detected) at z=2.3 : 23.95%
Simulated 10000 GRBs (2360 detected) at z=2.31 : 23.6%
Simulated 10000 GRBs (2358 detected) at z=2.32 : 23.58%
Simulated 10000 GRBs (2302 detected) at z=2.33 : 23.02%
Simulated 10000 GRBs (2296 detected) at z=2.34 : 22.96%
Simulated 10000 GRBs (2294 detected) at z=2.35 : 22.94%
Simulated 10000 GRBs (2299 detected) at z=2.36 : 22.99%
Simulated 10000 GRBs (2264 detected) at z=2.37 : 22.64%
Simulated 10000 GRBs (2211 detected) at z=2.38 : 22.11%
Simulated 10000 GRBs (2179 detected) at z=2.39 : 21.79%
Simulated 10000 GRBs (2262 detected) at z=2.4 : 22.62%
Simulated 10000 GRBs (2168 detected) at z=2.41 : 21.68%
Simulated 10000 GRBs (2147 detected) at z=2.42 : 21.47%
Simulated 10000 GRBs (2168 detected) at z=2.43 : 21.68%
Simulated 10000 GRBs (2164 detected) at z=2.44 : 21.64%
Simulated 10000 GRBs (2072 detected) at z=2.45 : 20.72%
Simulated 10000 GRBs (2172 detected) at z=2.46 : 21.72%
Simulated 10000 GRBs (2109 detected) at z=2.47 : 21.09%
Simulated 10000 GRBs (2097 detected) at z=2.48 : 20.97%
Simulated 10000 GRBs (2070 detected) at z=2.49 : 20.7%
Simulated 10000 GRBs (2117 detected) at z=2.5 : 21.17%
Simulated 10000 GRBs (2077 detected) at z=2.51 : 20.77%
Simulated 10000 GRBs (2048 detected) at z=2.52 : 20.48%
Simulated 10000 GRBs (1965 detected) at z=2.53 : 19.65%
Simulated 10000 GRBs (1996 detected) at z=2.54 : 19.96%
Simulated 10000 GRBs (2014 detected) at z=2.55 : 20.14%
Simulated 10000 GRBs (1942 detected) at z=2.56 : 19.42%
Simulated 10000 GRBs (1947 detected) at z=2.57 : 19.47%
Simulated 10000 GRBs (1946 detected) at z=2.58 : 19.46%
Simulated 10000 GRBs (1995 detected) at z=2.59 : 19.95%
Simulated 10000 GRBs (1951 detected) at z=2.6 : 19.51%
Simulated 10000 GRBs (1893 detected) at z=2.61 : 18.93%
Simulated 10000 GRBs (1851 detected) at z=2.62 : 18.51%
Simulated 10000 GRBs (1943 detected) at z=2.63 : 19.43%
Simulated 10000 GRBs (1874 detected) at z=2.64 : 18.74%
Simulated 10000 GRBs (1899 detected) at z=2.65 : 18.99%
Simulated 10000 GRBs (1787 detected) at z=2.66 : 17.87%
Simulated 10000 GRBs (1873 detected) at z=2.67 : 18.73%
Simulated 10000 GRBs (1748 detected) at z=2.68 : 17.48%
Simulated 10000 GRBs (1846 detected) at z=2.69 : 18.46%
Simulated 10000 GRBs (1870 detected) at z=2.7 : 18.7%
Simulated 10000 GRBs (1783 detected) at z=2.71 : 17.83%
Simulated 10000 GRBs (1806 detected) at z=2.72 : 18.06%
Simulated 10000 GRBs (1793 detected) at z=2.73 : 17.93%
Simulated 10000 GRBs (1765 detected) at z=2.74 : 17.65%
Simulated 10000 GRBs (1757 detected) at z=2.75 : 17.57%
Simulated 10000 GRBs (1805 detected) at z=2.76 : 18.05%
Simulated 10000 GRBs (1635 detected) at z=2.77 : 16.35%
Simulated 10000 GRBs (1678 detected) at z=2.78 : 16.78%
Simulated 10000 GRBs (1638 detected) at z=2.79 : 16.38%
Simulated 10000 GRBs (1735 detected) at z=2.8 : 17.35%
Simulated 10000 GRBs (1650 detected) at z=2.81 : 16.5%
Simulated 10000 GRBs (1698 detected) at z=2.82 : 16.98%
Simulated 10000 GRBs (1594 detected) at z=2.83 : 15.94%
Simulated 10000 GRBs (1634 detected) at z=2.84 : 16.34%
Simulated 10000 GRBs (1624 detected) at z=2.85 : 16.24%
Simulated 10000 GRBs (1587 detected) at z=2.86 : 15.87%
Simulated 10000 GRBs (1592 detected) at z=2.87 : 15.92%
Simulated 10000 GRBs (1535 detected) at z=2.88 : 15.35%
Simulated 10000 GRBs (1592 detected) at z=2.89 : 15.92%
Simulated 10000 GRBs (1575 detected) at z=2.9 : 15.75%
Simulated 10000 GRBs (1541 detected) at z=2.91 : 15.41%
Simulated 10000 GRBs (1528 detected) at z=2.92 : 15.28%
Simulated 10000 GRBs (1469 detected) at z=2.93 : 14.69%
Simulated 10000 GRBs (1486 detected) at z=2.94 : 14.86%
Simulated 10000 GRBs (1603 detected) at z=2.95 : 16.03%
Simulated 10000 GRBs (1503 detected) at z=2.96 : 15.03%
Simulated 10000 GRBs (1527 detected) at z=2.97 : 15.27%
Simulated 10000 GRBs (1454 detected) at z=2.98 : 14.54%
Simulated 10000 GRBs (1475 detected) at z=2.99 : 14.75%
Simulated 10000 GRBs (1493 detected) at z=3 : 14.93%
Simulated 10000 GRBs (1432 detected) at z=3.01 : 14.32%
Simulated 10000 GRBs (1507 detected) at z=3.02 : 15.07%
Simulated 10000 GRBs (1415 detected) at z=3.03 : 14.15%
Simulated 10000 GRBs (1452 detected) at z=3.04 : 14.52%
Simulated 10000 GRBs (1382 detected) at z=3.05 : 13.82%
Simulated 10000 GRBs (1387 detected) at z=3.06 : 13.87%
Simulated 10000 GRBs (1403 detected) at z=3.07 : 14.03%
Simulated 10000 GRBs (1402 detected) at z=3.08 : 14.02%
Simulated 10000 GRBs (1364 detected) at z=3.09 : 13.64%
Simulated 10000 GRBs (1358 detected) at z=3.1 : 13.58%
Simulated 10000 GRBs (1386 detected) at z=3.11 : 13.86%
Simulated 10000 GRBs (1271 detected) at z=3.12 : 12.71%
Simulated 10000 GRBs (1305 detected) at z=3.13 : 13.05%
Simulated 10000 GRBs (1336 detected) at z=3.14 : 13.36%
Simulated 10000 GRBs (1307 detected) at z=3.15 : 13.07%
Simulated 10000 GRBs (1329 detected) at z=3.16 : 13.29%
Simulated 10000 GRBs (1304 detected) at z=3.17 : 13.04%
Simulated 10000 GRBs (1260 detected) at z=3.18 : 12.6%
Simulated 10000 GRBs (1252 detected) at z=3.19 : 12.52%
Simulated 10000 GRBs (1361 detected) at z=3.2 : 13.61%
Simulated 10000 GRBs (1257 detected) at z=3.21 : 12.57%
Simulated 10000 GRBs (1258 detected) at z=3.22 : 12.58%
Simulated 10000 GRBs (1250 detected) at z=3.23 : 12.5%
Simulated 10000 GRBs (1263 detected) at z=3.24 : 12.63%
Simulated 10000 GRBs (1245 detected) at z=3.25 : 12.45%
Simulated 10000 GRBs (1199 detected) at z=3.26 : 11.99%
Simulated 10000 GRBs (1246 detected) at z=3.27 : 12.46%
Simulated 10000 GRBs (1201 detected) at z=3.28 : 12.01%
Simulated 10000 GRBs (1182 detected) at z=3.29 : 11.82%
Simulated 10000 GRBs (1155 detected) at z=3.3 : 11.55%
Simulated 10000 GRBs (1175 detected) at z=3.31 : 11.75%
Simulated 10000 GRBs (1202 detected) at z=3.32 : 12.02%
Simulated 10000 GRBs (1234 detected) at z=3.33 : 12.34%
Simulated 10000 GRBs (1233 detected) at z=3.34 : 12.33%
Simulated 10000 GRBs (1201 detected) at z=3.35 : 12.01%
Simulated 10000 GRBs (1191 detected) at z=3.36 : 11.91%
Simulated 10000 GRBs (1142 detected) at z=3.37 : 11.42%
Simulated 10000 GRBs (1122 detected) at z=3.38 : 11.22%
Simulated 10000 GRBs (1213 detected) at z=3.39 : 12.13%
Simulated 10000 GRBs (1113 detected) at z=3.4 : 11.13%
Simulated 10000 GRBs (1163 detected) at z=3.41 : 11.63%
Simulated 10000 GRBs (1072 detected) at z=3.42 : 10.72%
Simulated 10000 GRBs (1103 detected) at z=3.43 : 11.03%
Simulated 10000 GRBs (1126 detected) at z=3.44 : 11.26%
Simulated 10000 GRBs (1088 detected) at z=3.45 : 10.88%
Simulated 10000 GRBs (1059 detected) at z=3.46 : 10.59%
Simulated 10000 GRBs (1096 detected) at z=3.47 : 10.96%
Simulated 10000 GRBs (1092 detected) at z=3.48 : 10.92%
Simulated 10000 GRBs (1063 detected) at z=3.49 : 10.63%
Simulated 10000 GRBs (1122 detected) at z=3.5 : 11.22%
Simulated 10000 GRBs (1085 detected) at z=3.51 : 10.85%
Simulated 10000 GRBs (1077 detected) at z=3.52 : 10.77%
Simulated 10000 GRBs (1034 detected) at z=3.53 : 10.34%
Simulated 10000 GRBs (1020 detected) at z=3.54 : 10.2%
Simulated 10000 GRBs (1076 detected) at z=3.55 : 10.76%
Simulated 10000 GRBs (1063 detected) at z=3.56 : 10.63%
Simulated 10000 GRBs (1052 detected) at z=3.57 : 10.52%
Simulated 10000 GRBs (1017 detected) at z=3.58 : 10.17%
Simulated 10000 GRBs (1014 detected) at z=3.59 : 10.14%
Simulated 10000 GRBs (975 detected) at z=3.6 : 9.75%
Simulated 10000 GRBs (1055 detected) at z=3.61 : 10.55%
Simulated 10000 GRBs (1004 detected) at z=3.62 : 10.04%
Simulated 10000 GRBs (951 detected) at z=3.63 : 9.51%
Simulated 10000 GRBs (987 detected) at z=3.64 : 9.87%
Simulated 10000 GRBs (1008 detected) at z=3.65 : 10.08%
Simulated 10000 GRBs (1020 detected) at z=3.66 : 10.2%
Simulated 10000 GRBs (988 detected) at z=3.67 : 9.88%
Simulated 10000 GRBs (940 detected) at z=3.68 : 9.4%
Simulated 10000 GRBs (952 detected) at z=3.69 : 9.52%
Simulated 10000 GRBs (982 detected) at z=3.7 : 9.82%
Simulated 10000 GRBs (968 detected) at z=3.71 : 9.68%
Simulated 10000 GRBs (910 detected) at z=3.72 : 9.1%
Simulated 10000 GRBs (934 detected) at z=3.73 : 9.34%
Simulated 10000 GRBs (940 detected) at z=3.74 : 9.4%
Simulated 10000 GRBs (953 detected) at z=3.75 : 9.53%
Simulated 10000 GRBs (905 detected) at z=3.76 : 9.05%
Simulated 10000 GRBs (901 detected) at z=3.77 : 9.01%
Simulated 10000 GRBs (954 detected) at z=3.78 : 9.54%
Simulated 10000 GRBs (939 detected) at z=3.79 : 9.39%
Simulated 10000 GRBs (878 detected) at z=3.8 : 8.78%
Simulated 10000 GRBs (869 detected) at z=3.81 : 8.69%
Simulated 10000 GRBs (899 detected) at z=3.82 : 8.99%
Simulated 10000 GRBs (889 detected) at z=3.83 : 8.89%
Simulated 10000 GRBs (862 detected) at z=3.84 : 8.62%
Simulated 10000 GRBs (843 detected) at z=3.85 : 8.43%
Simulated 10000 GRBs (846 detected) at z=3.86 : 8.46%
Simulated 10000 GRBs (878 detected) at z=3.87 : 8.78%
Simulated 10000 GRBs (780 detected) at z=3.88 : 7.8%
Simulated 10000 GRBs (866 detected) at z=3.89 : 8.66%
Simulated 10000 GRBs (827 detected) at z=3.9 : 8.27%
Simulated 10000 GRBs (897 detected) at z=3.91 : 8.97%
Simulated 10000 GRBs (836 detected) at z=3.92 : 8.36%
Simulated 10000 GRBs (864 detected) at z=3.93 : 8.64%
Simulated 10000 GRBs (816 detected) at z=3.94 : 8.16%
Simulated 10000 GRBs (846 detected) at z=3.95 : 8.46%
Simulated 10000 GRBs (841 detected) at z=3.96 : 8.41%
Simulated 10000 GRBs (861 detected) at z=3.97 : 8.61%
Simulated 10000 GRBs (831 detected) at z=3.98 : 8.31%
Simulated 10000 GRBs (815 detected) at z=3.99 : 8.15%
Simulated 10000 GRBs (824 detected) at z=4 : 8.24%
Simulated 10000 GRBs (793 detected) at z=4.01 : 7.93%
Simulated 10000 GRBs (820 detected) at z=4.02 : 8.2%
Simulated 10000 GRBs (789 detected) at z=4.03 : 7.89%
Simulated 10000 GRBs (772 detected) at z=4.04 : 7.72%
Simulated 10000 GRBs (752 detected) at z=4.05 : 7.52%
Simulated 10000 GRBs (784 detected) at z=4.06 : 7.84%
Simulated 10000 GRBs (748 detected) at z=4.07 : 7.48%
Simulated 10000 GRBs (781 detected) at z=4.08 : 7.81%
Simulated 10000 GRBs (798 detected) at z=4.09 : 7.98%
Simulated 10000 GRBs (815 detected) at z=4.1 : 8.15%
Simulated 10000 GRBs (731 detected) at z=4.11 : 7.31%
Simulated 10000 GRBs (763 detected) at z=4.12 : 7.63%
Simulated 10000 GRBs (740 detected) at z=4.13 : 7.4%
Simulated 10000 GRBs (751 detected) at z=4.14 : 7.51%
Simulated 10000 GRBs (734 detected) at z=4.15 : 7.34%
Simulated 10000 GRBs (740 detected) at z=4.16 : 7.4%
Simulated 10000 GRBs (736 detected) at z=4.17 : 7.36%
Simulated 10000 GRBs (712 detected) at z=4.18 : 7.12%
Simulated 10000 GRBs (764 detected) at z=4.19 : 7.64%
Simulated 10000 GRBs (699 detected) at z=4.2 : 6.99%
Simulated 10000 GRBs (743 detected) at z=4.21 : 7.43%
Simulated 10000 GRBs (720 detected) at z=4.22 : 7.2%
Simulated 10000 GRBs (687 detected) at z=4.23 : 6.87%
Simulated 10000 GRBs (684 detected) at z=4.24 : 6.84%
Simulated 10000 GRBs (698 detected) at z=4.25 : 6.98%
Simulated 10000 GRBs (692 detected) at z=4.26 : 6.92%
Simulated 10000 GRBs (700 detected) at z=4.27 : 7%
Simulated 10000 GRBs (674 detected) at z=4.28 : 6.74%
Simulated 10000 GRBs (680 detected) at z=4.29 : 6.8%
Simulated 10000 GRBs (665 detected) at z=4.3 : 6.65%
Simulated 10000 GRBs (696 detected) at z=4.31 : 6.96%
Simulated 10000 GRBs (633 detected) at z=4.32 : 6.33%
Simulated 10000 GRBs (637 detected) at z=4.33 : 6.37%
Simulated 10000 GRBs (634 detected) at z=4.34 : 6.34%
Simulated 10000 GRBs (645 detected) at z=4.35 : 6.45%
Simulated 10000 GRBs (665 detected) at z=4.36 : 6.65%
Simulated 10000 GRBs (647 detected) at z=4.37 : 6.47%
Simulated 10000 GRBs (645 detected) at z=4.38 : 6.45%
Simulated 10000 GRBs (647 detected) at z=4.39 : 6.47%
Simulated 10000 GRBs (614 detected) at z=4.4 : 6.14%
Simulated 10000 GRBs (661 detected) at z=4.41 : 6.61%
Simulated 10000 GRBs (611 detected) at z=4.42 : 6.11%
Simulated 10000 GRBs (594 detected) at z=4.43 : 5.94%
Simulated 10000 GRBs (641 detected) at z=4.44 : 6.41%
Simulated 10000 GRBs (638 detected) at z=4.45 : 6.38%
Simulated 10000 GRBs (618 detected) at z=4.46 : 6.18%
Simulated 10000 GRBs (628 detected) at z=4.47 : 6.28%
Simulated 10000 GRBs (622 detected) at z=4.48 : 6.22%
Simulated 10000 GRBs (604 detected) at z=4.49 : 6.04%
Simulated 10000 GRBs (561 detected) at z=4.5 : 5.61%
Simulated 10000 GRBs (583 detected) at z=4.51 : 5.83%
Simulated 10000 GRBs (573 detected) at z=4.52 : 5.73%
Simulated 10000 GRBs (613 detected) at z=4.53 : 6.13%
Simulated 10000 GRBs (627 detected) at z=4.54 : 6.27%
Simulated 10000 GRBs (631 detected) at z=4.55 : 6.31%
Simulated 10000 GRBs (547 detected) at z=4.56 : 5.47%
Simulated 10000 GRBs (569 detected) at z=4.57 : 5.69%
Simulated 10000 GRBs (576 detected) at z=4.58 : 5.76%
Simulated 10000 GRBs (558 detected) at z=4.59 : 5.58%
Simulated 10000 GRBs (560 detected) at z=4.6 : 5.6%
Simulated 10000 GRBs (525 detected) at z=4.61 : 5.25%
Simulated 10000 GRBs (597 detected) at z=4.62 : 5.97%
Simulated 10000 GRBs (581 detected) at z=4.63 : 5.81%
Simulated 10000 GRBs (630 detected) at z=4.64 : 6.3%
Simulated 10000 GRBs (574 detected) at z=4.65 : 5.74%
Simulated 10000 GRBs (585 detected) at z=4.66 : 5.85%
Simulated 10000 GRBs (575 detected) at z=4.67 : 5.75%
Simulated 10000 GRBs (526 detected) at z=4.68 : 5.26%
Simulated 10000 GRBs (533 detected) at z=4.69 : 5.33%
Simulated 10000 GRBs (558 detected) at z=4.7 : 5.58%
Simulated 10000 GRBs (549 detected) at z=4.71 : 5.49%
Simulated 10000 GRBs (517 detected) at z=4.72 : 5.17%
Simulated 10000 GRBs (526 detected) at z=4.73 : 5.26%
Simulated 10000 GRBs (488 detected) at z=4.74 : 4.88%
Simulated 10000 GRBs (541 detected) at z=4.75 : 5.41%
Simulated 10000 GRBs (516 detected) at z=4.76 : 5.16%
Simulated 10000 GRBs (518 detected) at z=4.77 : 5.18%
Simulated 10000 GRBs (497 detected) at z=4.78 : 4.97%
Simulated 10000 GRBs (516 detected) at z=4.79 : 5.16%
Simulated 10000 GRBs (490 detected) at z=4.8 : 4.9%
Simulated 10000 GRBs (514 detected) at z=4.81 : 5.14%
Simulated 10000 GRBs (490 detected) at z=4.82 : 4.9%
Simulated 10000 GRBs (538 detected) at z=4.83 : 5.38%
Simulated 10000 GRBs (525 detected) at z=4.84 : 5.25%
Simulated 10000 GRBs (496 detected) at z=4.85 : 4.96%
Simulated 10000 GRBs (510 detected) at z=4.86 : 5.1%
Simulated 10000 GRBs (515 detected) at z=4.87 : 5.15%
Simulated 10000 GRBs (499 detected) at z=4.88 : 4.99%
Simulated 10000 GRBs (514 detected) at z=4.89 : 5.14%
Simulated 10000 GRBs (479 detected) at z=4.9 : 4.79%
Simulated 10000 GRBs (493 detected) at z=4.91 : 4.93%
Simulated 10000 GRBs (424 detected) at z=4.92 : 4.24%
Simulated 10000 GRBs (474 detected) at z=4.93 : 4.74%
Simulated 10000 GRBs (507 detected) at z=4.94 : 5.07%
Simulated 10000 GRBs (455 detected) at z=4.95 : 4.55%
Simulated 10000 GRBs (451 detected) at z=4.96 : 4.51%
Simulated 10000 GRBs (444 detected) at z=4.97 : 4.44%
Simulated 10000 GRBs (457 detected) at z=4.98 : 4.57%
Simulated 10000 GRBs (442 detected) at z=4.99 : 4.42%
Simulated 10000 GRBs (420 detected) at z=5 : 4.2%
Simulated 10000 GRBs (478 detected) at z=5.01 : 4.78%
Simulated 10000 GRBs (477 detected) at z=5.02 : 4.77%
Simulated 10000 GRBs (431 detected) at z=5.03 : 4.31%
Simulated 10000 GRBs (447 detected) at z=5.04 : 4.47%
Simulated 10000 GRBs (446 detected) at z=5.05 : 4.46%
Simulated 10000 GRBs (465 detected) at z=5.06 : 4.65%
Simulated 10000 GRBs (420 detected) at z=5.07 : 4.2%
Simulated 10000 GRBs (423 detected) at z=5.08 : 4.23%
Simulated 10000 GRBs (419 detected) at z=5.09 : 4.19%
Simulated 10000 GRBs (426 detected) at z=5.1 : 4.26%
Simulated 10000 GRBs (406 detected) at z=5.11 : 4.06%
Simulated 10000 GRBs (426 detected) at z=5.12 : 4.26%
Simulated 10000 GRBs (401 detected) at z=5.13 : 4.01%
Simulated 10000 GRBs (433 detected) at z=5.14 : 4.33%
Simulated 10000 GRBs (406 detected) at z=5.15 : 4.06%
Simulated 10000 GRBs (421 detected) at z=5.16 : 4.21%
Simulated 10000 GRBs (396 detected) at z=5.17 : 3.96%
Simulated 10000 GRBs (403 detected) at z=5.18 : 4.03%
Simulated 10000 GRBs (397 detected) at z=5.19 : 3.97%
Simulated 10000 GRBs (370 detected) at z=5.2 : 3.7%
Simulated 10000 GRBs (384 detected) at z=5.21 : 3.84%
Simulated 10000 GRBs (387 detected) at z=5.22 : 3.87%
Simulated 10000 GRBs (373 detected) at z=5.23 : 3.73%
Simulated 10000 GRBs (393 detected) at z=5.24 : 3.93%
Simulated 10000 GRBs (394 detected) at z=5.25 : 3.94%
Simulated 10000 GRBs (384 detected) at z=5.26 : 3.84%
Simulated 10000 GRBs (377 detected) at z=5.27 : 3.77%
Simulated 10000 GRBs (368 detected) at z=5.28 : 3.68%
Simulated 10000 GRBs (384 detected) at z=5.29 : 3.84%
Simulated 10000 GRBs (395 detected) at z=5.3 : 3.95%
Simulated 10000 GRBs (365 detected) at z=5.31 : 3.65%
Simulated 10000 GRBs (360 detected) at z=5.32 : 3.6%
Simulated 10000 GRBs (343 detected) at z=5.33 : 3.43%
Simulated 10000 GRBs (355 detected) at z=5.34 : 3.55%
Simulated 10000 GRBs (373 detected) at z=5.35 : 3.73%
Simulated 10000 GRBs (360 detected) at z=5.36 : 3.6%
Simulated 10000 GRBs (366 detected) at z=5.37 : 3.66%
Simulated 10000 GRBs (362 detected) at z=5.38 : 3.62%
Simulated 10000 GRBs (357 detected) at z=5.39 : 3.57%
Simulated 10000 GRBs (379 detected) at z=5.4 : 3.79%
Simulated 10000 GRBs (349 detected) at z=5.41 : 3.49%
Simulated 10000 GRBs (326 detected) at z=5.42 : 3.26%
Simulated 10000 GRBs (358 detected) at z=5.43 : 3.58%
Simulated 10000 GRBs (334 detected) at z=5.44 : 3.34%
Simulated 10000 GRBs (331 detected) at z=5.45 : 3.31%
Simulated 10000 GRBs (321 detected) at z=5.46 : 3.21%
Simulated 10000 GRBs (357 detected) at z=5.47 : 3.57%
Simulated 10000 GRBs (352 detected) at z=5.48 : 3.52%
Simulated 10000 GRBs (327 detected) at z=5.49 : 3.27%
Simulated 10000 GRBs (311 detected) at z=5.5 : 3.11%
Simulated 10000 GRBs (347 detected) at z=5.51 : 3.47%
Simulated 10000 GRBs (289 detected) at z=5.52 : 2.89%
Simulated 10000 GRBs (320 detected) at z=5.53 : 3.2%
Simulated 10000 GRBs (328 detected) at z=5.54 : 3.28%
Simulated 10000 GRBs (314 detected) at z=5.55 : 3.14%
Simulated 10000 GRBs (339 detected) at z=5.56 : 3.39%
Simulated 10000 GRBs (315 detected) at z=5.57 : 3.15%
Simulated 10000 GRBs (299 detected) at z=5.58 : 2.99%
Simulated 10000 GRBs (295 detected) at z=5.59 : 2.95%
Simulated 10000 GRBs (326 detected) at z=5.6 : 3.26%
Simulated 10000 GRBs (313 detected) at z=5.61 : 3.13%
Simulated 10000 GRBs (307 detected) at z=5.62 : 3.07%
Simulated 10000 GRBs (309 detected) at z=5.63 : 3.09%
Simulated 10000 GRBs (313 detected) at z=5.64 : 3.13%
Simulated 10000 GRBs (327 detected) at z=5.65 : 3.27%
Simulated 10000 GRBs (259 detected) at z=5.66 : 2.59%
Simulated 10000 GRBs (284 detected) at z=5.67 : 2.84%
Simulated 10000 GRBs (289 detected) at z=5.68 : 2.89%
Simulated 10000 GRBs (308 detected) at z=5.69 : 3.08%
Simulated 10000 GRBs (271 detected) at z=5.7 : 2.71%
Simulated 10000 GRBs (289 detected) at z=5.71 : 2.89%
Simulated 10000 GRBs (336 detected) at z=5.72 : 3.36%
Simulated 10000 GRBs (294 detected) at z=5.73 : 2.94%
Simulated 10000 GRBs (274 detected) at z=5.74 : 2.74%
Simulated 10000 GRBs (276 detected) at z=5.75 : 2.76%
Simulated 10000 GRBs (267 detected) at z=5.76 : 2.67%
Simulated 10000 GRBs (293 detected) at z=5.77 : 2.93%
Simulated 10000 GRBs (294 detected) at z=5.78 : 2.94%
Simulated 10000 GRBs (280 detected) at z=5.79 : 2.8%
Simulated 10000 GRBs (282 detected) at z=5.8 : 2.82%
Simulated 10000 GRBs (292 detected) at z=5.81 : 2.92%
Simulated 10000 GRBs (294 detected) at z=5.82 : 2.94%
Simulated 10000 GRBs (276 detected) at z=5.83 : 2.76%
Simulated 10000 GRBs (264 detected) at z=5.84 : 2.64%
Simulated 10000 GRBs (245 detected) at z=5.85 : 2.45%
Simulated 10000 GRBs (278 detected) at z=5.86 : 2.78%
Simulated 10000 GRBs (278 detected) at z=5.87 : 2.78%
Simulated 10000 GRBs (281 detected) at z=5.88 : 2.81%
Simulated 10000 GRBs (258 detected) at z=5.89 : 2.58%
Simulated 10000 GRBs (250 detected) at z=5.9 : 2.5%
Simulated 10000 GRBs (260 detected) at z=5.91 : 2.6%
Simulated 10000 GRBs (284 detected) at z=5.92 : 2.84%
Simulated 10000 GRBs (270 detected) at z=5.93 : 2.7%
Simulated 10000 GRBs (274 detected) at z=5.94 : 2.74%
Simulated 10000 GRBs (259 detected) at z=5.95 : 2.59%
Simulated 10000 GRBs (279 detected) at z=5.96 : 2.79%
Simulated 10000 GRBs (246 detected) at z=5.97 : 2.46%
Simulated 10000 GRBs (230 detected) at z=5.98 : 2.3%
Simulated 10000 GRBs (259 detected) at z=5.99 : 2.59%
Simulated 10000 GRBs (277 detected) at z=6 : 2.77%
Simulated 10000 GRBs (264 detected) at z=6.01 : 2.64%
Simulated 10000 GRBs (267 detected) at z=6.02 : 2.67%
Simulated 10000 GRBs (240 detected) at z=6.03 : 2.4%
Simulated 10000 GRBs (233 detected) at z=6.04 : 2.33%
Simulated 10000 GRBs (243 detected) at z=6.05 : 2.43%
Simulated 10000 GRBs (242 detected) at z=6.06 : 2.42%
Simulated 10000 GRBs (216 detected) at z=6.07 : 2.16%
Simulated 10000 GRBs (249 detected) at z=6.08 : 2.49%
Simulated 10000 GRBs (253 detected) at z=6.09 : 2.53%
Simulated 10000 GRBs (241 detected) at z=6.1 : 2.41%
Simulated 10000 GRBs (232 detected) at z=6.11 : 2.32%
Simulated 10000 GRBs (212 detected) at z=6.12 : 2.12%
Simulated 10000 GRBs (247 detected) at z=6.13 : 2.47%
Simulated 10000 GRBs (245 detected) at z=6.14 : 2.45%
Simulated 10000 GRBs (236 detected) at z=6.15 : 2.36%
Simulated 10000 GRBs (246 detected) at z=6.16 : 2.46%
Simulated 10000 GRBs (255 detected) at z=6.17 : 2.55%
Simulated 10000 GRBs (239 detected) at z=6.18 : 2.39%
Simulated 10000 GRBs (235 detected) at z=6.19 : 2.35%
Simulated 10000 GRBs (211 detected) at z=6.2 : 2.11%
Simulated 10000 GRBs (223 detected) at z=6.21 : 2.23%
Simulated 10000 GRBs (218 detected) at z=6.22 : 2.18%
Simulated 10000 GRBs (217 detected) at z=6.23 : 2.17%
Simulated 10000 GRBs (214 detected) at z=6.24 : 2.14%
Simulated 10000 GRBs (200 detected) at z=6.25 : 2%
Simulated 10000 GRBs (220 detected) at z=6.26 : 2.2%
Simulated 10000 GRBs (193 detected) at z=6.27 : 1.93%
Simulated 10000 GRBs (216 detected) at z=6.28 : 2.16%
Simulated 10000 GRBs (226 detected) at z=6.29 : 2.26%
Simulated 10000 GRBs (208 detected) at z=6.3 : 2.08%
Simulated 10000 GRBs (223 detected) at z=6.31 : 2.23%
Simulated 10000 GRBs (192 detected) at z=6.32 : 1.92%
Simulated 10000 GRBs (197 detected) at z=6.33 : 1.97%
Simulated 10000 GRBs (209 detected) at z=6.34 : 2.09%
Simulated 10000 GRBs (202 detected) at z=6.35 : 2.02%
Simulated 10000 GRBs (197 detected) at z=6.36 : 1.97%
Simulated 10000 GRBs (219 detected) at z=6.37 : 2.19%
Simulated 10000 GRBs (199 detected) at z=6.38 : 1.99%
Simulated 10000 GRBs (213 detected) at z=6.39 : 2.13%
Simulated 10000 GRBs (206 detected) at z=6.4 : 2.06%
Simulated 10000 GRBs (174 detected) at z=6.41 : 1.74%
Simulated 10000 GRBs (207 detected) at z=6.42 : 2.07%
Simulated 10000 GRBs (195 detected) at z=6.43 : 1.95%
Simulated 10000 GRBs (204 detected) at z=6.44 : 2.04%
Simulated 10000 GRBs (196 detected) at z=6.45 : 1.96%
Simulated 10000 GRBs (178 detected) at z=6.46 : 1.78%
Simulated 10000 GRBs (213 detected) at z=6.47 : 2.13%
Simulated 10000 GRBs (233 detected) at z=6.48 : 2.33%
Simulated 10000 GRBs (173 detected) at z=6.49 : 1.73%
Simulated 10000 GRBs (182 detected) at z=6.5 : 1.82%
Simulated 10000 GRBs (211 detected) at z=6.51 : 2.11%
Simulated 10000 GRBs (203 detected) at z=6.52 : 2.03%
Simulated 10000 GRBs (195 detected) at z=6.53 : 1.95%
Simulated 10000 GRBs (186 detected) at z=6.54 : 1.86%
Simulated 10000 GRBs (204 detected) at z=6.55 : 2.04%
Simulated 10000 GRBs (180 detected) at z=6.56 : 1.8%
Simulated 10000 GRBs (156 detected) at z=6.57 : 1.56%
Simulated 10000 GRBs (208 detected) at z=6.58 : 2.08%
Simulated 10000 GRBs (205 detected) at z=6.59 : 2.05%
Simulated 10000 GRBs (199 detected) at z=6.6 : 1.99%
Simulated 10000 GRBs (181 detected) at z=6.61 : 1.81%
Simulated 10000 GRBs (202 detected) at z=6.62 : 2.02%
Simulated 10000 GRBs (193 detected) at z=6.63 : 1.93%
Simulated 10000 GRBs (180 detected) at z=6.64 : 1.8%
Simulated 10000 GRBs (186 detected) at z=6.65 : 1.86%
Simulated 10000 GRBs (178 detected) at z=6.66 : 1.78%
Simulated 10000 GRBs (185 detected) at z=6.67 : 1.85%
Simulated 10000 GRBs (196 detected) at z=6.68 : 1.96%
Simulated 10000 GRBs (189 detected) at z=6.69 : 1.89%
Simulated 10000 GRBs (162 detected) at z=6.7 : 1.62%
Simulated 10000 GRBs (186 detected) at z=6.71 : 1.86%
Simulated 10000 GRBs (168 detected) at z=6.72 : 1.68%
Simulated 10000 GRBs (172 detected) at z=6.73 : 1.72%
Simulated 10000 GRBs (183 detected) at z=6.74 : 1.83%
Simulated 10000 GRBs (176 detected) at z=6.75 : 1.76%
Simulated 10000 GRBs (158 detected) at z=6.76 : 1.58%
Simulated 10000 GRBs (167 detected) at z=6.77 : 1.67%
Simulated 10000 GRBs (169 detected) at z=6.78 : 1.69%
Simulated 10000 GRBs (174 detected) at z=6.79 : 1.74%
Simulated 10000 GRBs (154 detected) at z=6.8 : 1.54%
Simulated 10000 GRBs (150 detected) at z=6.81 : 1.5%
Simulated 10000 GRBs (158 detected) at z=6.82 : 1.58%
Simulated 10000 GRBs (171 detected) at z=6.83 : 1.71%
Simulated 10000 GRBs (173 detected) at z=6.84 : 1.73%
Simulated 10000 GRBs (160 detected) at z=6.85 : 1.6%
Simulated 10000 GRBs (157 detected) at z=6.86 : 1.57%
Simulated 10000 GRBs (153 detected) at z=6.87 : 1.53%
Simulated 10000 GRBs (165 detected) at z=6.88 : 1.65%
Simulated 10000 GRBs (169 detected) at z=6.89 : 1.69%
Simulated 10000 GRBs (146 detected) at z=6.9 : 1.46%
Simulated 10000 GRBs (165 detected) at z=6.91 : 1.65%
Simulated 10000 GRBs (152 detected) at z=6.92 : 1.52%
Simulated 10000 GRBs (173 detected) at z=6.93 : 1.73%
Simulated 10000 GRBs (164 detected) at z=6.94 : 1.64%
Simulated 10000 GRBs (151 detected) at z=6.95 : 1.51%
Simulated 10000 GRBs (163 detected) at z=6.96 : 1.63%
Simulated 10000 GRBs (154 detected) at z=6.97 : 1.54%
Simulated 10000 GRBs (154 detected) at z=6.98 : 1.54%
Simulated 10000 GRBs (141 detected) at z=6.99 : 1.41%
Simulated 10000 GRBs (164 detected) at z=7 : 1.64%
Simulated 10000 GRBs (163 detected) at z=7.01 : 1.63%
Simulated 10000 GRBs (139 detected) at z=7.02 : 1.39%
Simulated 10000 GRBs (165 detected) at z=7.03 : 1.65%
Simulated 10000 GRBs (147 detected) at z=7.04 : 1.47%
Simulated 10000 GRBs (152 detected) at z=7.05 : 1.52%
Simulated 10000 GRBs (144 detected) at z=7.06 : 1.44%
Simulated 10000 GRBs (154 detected) at z=7.07 : 1.54%
Simulated 10000 GRBs (133 detected) at z=7.08 : 1.33%
Simulated 10000 GRBs (164 detected) at z=7.09 : 1.64%
Simulated 10000 GRBs (143 detected) at z=7.1 : 1.43%
Simulated 10000 GRBs (143 detected) at z=7.11 : 1.43%
Simulated 10000 GRBs (143 detected) at z=7.12 : 1.43%
Simulated 10000 GRBs (156 detected) at z=7.13 : 1.56%
Simulated 10000 GRBs (148 detected) at z=7.14 : 1.48%
Simulated 10000 GRBs (154 detected) at z=7.15 : 1.54%
Simulated 10000 GRBs (120 detected) at z=7.16 : 1.2%
Simulated 10000 GRBs (147 detected) at z=7.17 : 1.47%
Simulated 10000 GRBs (137 detected) at z=7.18 : 1.37%
Simulated 10000 GRBs (143 detected) at z=7.19 : 1.43%
Simulated 10000 GRBs (151 detected) at z=7.2 : 1.51%
Simulated 10000 GRBs (148 detected) at z=7.21 : 1.48%
Simulated 10000 GRBs (132 detected) at z=7.22 : 1.32%
Simulated 10000 GRBs (125 detected) at z=7.23 : 1.25%
Simulated 10000 GRBs (143 detected) at z=7.24 : 1.43%
Simulated 10000 GRBs (136 detected) at z=7.25 : 1.36%
Simulated 10000 GRBs (128 detected) at z=7.26 : 1.28%
Simulated 10000 GRBs (131 detected) at z=7.27 : 1.31%
Simulated 10000 GRBs (145 detected) at z=7.28 : 1.45%
Simulated 10000 GRBs (151 detected) at z=7.29 : 1.51%
Simulated 10000 GRBs (132 detected) at z=7.3 : 1.32%
Simulated 10000 GRBs (116 detected) at z=7.31 : 1.16%
Simulated 10000 GRBs (134 detected) at z=7.32 : 1.34%
Simulated 10000 GRBs (127 detected) at z=7.33 : 1.27%
Simulated 10000 GRBs (133 detected) at z=7.34 : 1.33%
Simulated 10000 GRBs (145 detected) at z=7.35 : 1.45%
Simulated 10000 GRBs (140 detected) at z=7.36 : 1.4%
Simulated 10000 GRBs (161 detected) at z=7.37 : 1.61%
Simulated 10000 GRBs (118 detected) at z=7.38 : 1.18%
Simulated 10000 GRBs (123 detected) at z=7.39 : 1.23%
Simulated 10000 GRBs (135 detected) at z=7.4 : 1.35%
Simulated 10000 GRBs (149 detected) at z=7.41 : 1.49%
Simulated 10000 GRBs (130 detected) at z=7.42 : 1.3%
Simulated 10000 GRBs (104 detected) at z=7.43 : 1.04%
Simulated 10000 GRBs (143 detected) at z=7.44 : 1.43%
Simulated 10000 GRBs (126 detected) at z=7.45 : 1.26%
Simulated 10000 GRBs (139 detected) at z=7.46 : 1.39%
Simulated 10000 GRBs (127 detected) at z=7.47 : 1.27%
Simulated 10000 GRBs (130 detected) at z=7.48 : 1.3%
Simulated 10000 GRBs (107 detected) at z=7.49 : 1.07%
Simulated 10000 GRBs (98 detected) at z=7.5 : 0.98%
Simulated 10000 GRBs (124 detected) at z=7.51 : 1.24%
Simulated 10000 GRBs (111 detected) at z=7.52 : 1.11%
Simulated 10000 GRBs (126 detected) at z=7.53 : 1.26%
Simulated 10000 GRBs (96 detected) at z=7.54 : 0.96%
Simulated 10000 GRBs (117 detected) at z=7.55 : 1.17%
Simulated 10000 GRBs (92 detected) at z=7.56 : 0.92%
Simulated 10000 GRBs (113 detected) at z=7.57 : 1.13%
Simulated 10000 GRBs (107 detected) at z=7.58 : 1.07%
Simulated 10000 GRBs (113 detected) at z=7.59 : 1.13%
Simulated 10000 GRBs (129 detected) at z=7.6 : 1.29%
Simulated 10000 GRBs (140 detected) at z=7.61 : 1.4%
Simulated 10000 GRBs (110 detected) at z=7.62 : 1.1%
Simulated 10000 GRBs (120 detected) at z=7.63 : 1.2%
Simulated 10000 GRBs (101 detected) at z=7.64 : 1.01%
Simulated 10000 GRBs (120 detected) at z=7.65 : 1.2%
Simulated 10000 GRBs (114 detected) at z=7.66 : 1.14%
Simulated 10000 GRBs (107 detected) at z=7.67 : 1.07%
Simulated 10000 GRBs (112 detected) at z=7.68 : 1.12%
Simulated 10000 GRBs (91 detected) at z=7.69 : 0.91%
Simulated 10000 GRBs (113 detected) at z=7.7 : 1.13%
Simulated 10000 GRBs (104 detected) at z=7.71 : 1.04%
Simulated 10000 GRBs (110 detected) at z=7.72 : 1.1%
Simulated 10000 GRBs (91 detected) at z=7.73 : 0.91%
Simulated 10000 GRBs (106 detected) at z=7.74 : 1.06%
Simulated 10000 GRBs (105 detected) at z=7.75 : 1.05%
Simulated 10000 GRBs (129 detected) at z=7.76 : 1.29%
Simulated 10000 GRBs (94 detected) at z=7.77 : 0.94%
Simulated 10000 GRBs (101 detected) at z=7.78 : 1.01%
Simulated 10000 GRBs (98 detected) at z=7.79 : 0.98%
Simulated 10000 GRBs (106 detected) at z=7.8 : 1.06%
Simulated 10000 GRBs (114 detected) at z=7.81 : 1.14%
Simulated 10000 GRBs (107 detected) at z=7.82 : 1.07%
Simulated 10000 GRBs (102 detected) at z=7.83 : 1.02%
Simulated 10000 GRBs (90 detected) at z=7.84 : 0.9%
Simulated 10000 GRBs (105 detected) at z=7.85 : 1.05%
Simulated 10000 GRBs (110 detected) at z=7.86 : 1.1%
Simulated 10000 GRBs (110 detected) at z=7.87 : 1.1%
Simulated 10000 GRBs (83 detected) at z=7.88 : 0.83%
Simulated 10000 GRBs (97 detected) at z=7.89 : 0.97%
Simulated 10000 GRBs (84 detected) at z=7.9 : 0.84%
Simulated 10000 GRBs (83 detected) at z=7.91 : 0.83%
Simulated 10000 GRBs (102 detected) at z=7.92 : 1.02%
Simulated 10000 GRBs (109 detected) at z=7.93 : 1.09%
Simulated 10000 GRBs (95 detected) at z=7.94 : 0.95%
Simulated 10000 GRBs (96 detected) at z=7.95 : 0.96%
Simulated 10000 GRBs (110 detected) at z=7.96 : 1.1%
Simulated 10000 GRBs (89 detected) at z=7.97 : 0.89%
Simulated 10000 GRBs (91 detected) at z=7.98 : 0.91%
Simulated 10000 GRBs (93 detected) at z=7.99 : 0.93%
Simulated 10000 GRBs (79 detected) at z=8 : 0.79%
Simulated 10000 GRBs (92 detected) at z=8.01 : 0.92%
Simulated 10000 GRBs (90 detected) at z=8.02 : 0.9%
Simulated 10000 GRBs (84 detected) at z=8.03 : 0.84%
Simulated 10000 GRBs (80 detected) at z=8.04 : 0.8%
Simulated 10000 GRBs (87 detected) at z=8.05 : 0.87%
Simulated 10000 GRBs (98 detected) at z=8.06 : 0.98%
Simulated 10000 GRBs (79 detected) at z=8.07 : 0.79%
Simulated 10000 GRBs (98 detected) at z=8.08 : 0.98%
Simulated 10000 GRBs (94 detected) at z=8.09 : 0.94%
Simulated 10000 GRBs (81 detected) at z=8.1 : 0.81%
Simulated 10000 GRBs (75 detected) at z=8.11 : 0.75%
Simulated 10000 GRBs (86 detected) at z=8.12 : 0.86%
Simulated 10000 GRBs (85 detected) at z=8.13 : 0.85%
Simulated 10000 GRBs (72 detected) at z=8.14 : 0.72%
Simulated 10000 GRBs (97 detected) at z=8.15 : 0.97%
Simulated 10000 GRBs (83 detected) at z=8.16 : 0.83%
Simulated 10000 GRBs (91 detected) at z=8.17 : 0.91%
Simulated 10000 GRBs (71 detected) at z=8.18 : 0.71%
Simulated 10000 GRBs (70 detected) at z=8.19 : 0.7%
Simulated 10000 GRBs (97 detected) at z=8.2 : 0.97%
Simulated 10000 GRBs (70 detected) at z=8.21 : 0.7%
Simulated 10000 GRBs (89 detected) at z=8.22 : 0.89%
Simulated 10000 GRBs (84 detected) at z=8.23 : 0.84%
Simulated 10000 GRBs (88 detected) at z=8.24 : 0.88%
Simulated 10000 GRBs (104 detected) at z=8.25 : 1.04%
Simulated 10000 GRBs (79 detected) at z=8.26 : 0.79%
Simulated 10000 GRBs (82 detected) at z=8.27 : 0.82%
Simulated 10000 GRBs (86 detected) at z=8.28 : 0.86%
Simulated 10000 GRBs (72 detected) at z=8.29 : 0.72%
Simulated 10000 GRBs (83 detected) at z=8.3 : 0.83%
Simulated 10000 GRBs (60 detected) at z=8.31 : 0.6%
Simulated 10000 GRBs (89 detected) at z=8.32 : 0.89%
Simulated 10000 GRBs (84 detected) at z=8.33 : 0.84%
Simulated 10000 GRBs (74 detected) at z=8.34 : 0.74%
Simulated 10000 GRBs (84 detected) at z=8.35 : 0.84%
Simulated 10000 GRBs (81 detected) at z=8.36 : 0.81%
Simulated 10000 GRBs (74 detected) at z=8.37 : 0.74%
Simulated 10000 GRBs (72 detected) at z=8.38 : 0.72%
Simulated 10000 GRBs (66 detected) at z=8.39 : 0.66%
Simulated 10000 GRBs (67 detected) at z=8.4 : 0.67%
Simulated 10000 GRBs (77 detected) at z=8.41 : 0.77%
Simulated 10000 GRBs (77 detected) at z=8.42 : 0.77%
Simulated 10000 GRBs (76 detected) at z=8.43 : 0.76%
Simulated 10000 GRBs (93 detected) at z=8.44 : 0.93%
Simulated 10000 GRBs (66 detected) at z=8.45 : 0.66%
Simulated 10000 GRBs (68 detected) at z=8.46 : 0.68%
Simulated 10000 GRBs (67 detected) at z=8.47 : 0.67%
Simulated 10000 GRBs (62 detected) at z=8.48 : 0.62%
Simulated 10000 GRBs (71 detected) at z=8.49 : 0.71%
Simulated 10000 GRBs (63 detected) at z=8.5 : 0.63%
Simulated 10000 GRBs (69 detected) at z=8.51 : 0.69%
Simulated 10000 GRBs (79 detected) at z=8.52 : 0.79%
Simulated 10000 GRBs (60 detected) at z=8.53 : 0.6%
Simulated 10000 GRBs (72 detected) at z=8.54 : 0.72%
Simulated 10000 GRBs (61 detected) at z=8.55 : 0.61%
Simulated 10000 GRBs (66 detected) at z=8.56 : 0.66%
Simulated 10000 GRBs (67 detected) at z=8.57 : 0.67%
Simulated 10000 GRBs (64 detected) at z=8.58 : 0.64%
Simulated 10000 GRBs (61 detected) at z=8.59 : 0.61%
Simulated 10000 GRBs (73 detected) at z=8.6 : 0.73%
Simulated 10000 GRBs (68 detected) at z=8.61 : 0.68%
Simulated 10000 GRBs (81 detected) at z=8.62 : 0.81%
Simulated 10000 GRBs (67 detected) at z=8.63 : 0.67%
Simulated 10000 GRBs (78 detected) at z=8.64 : 0.78%
Simulated 10000 GRBs (66 detected) at z=8.65 : 0.66%
Simulated 10000 GRBs (71 detected) at z=8.66 : 0.71%
Simulated 10000 GRBs (71 detected) at z=8.67 : 0.71%
Simulated 10000 GRBs (70 detected) at z=8.68 : 0.7%
Simulated 10000 GRBs (58 detected) at z=8.69 : 0.58%
Simulated 10000 GRBs (64 detected) at z=8.7 : 0.64%
Simulated 10000 GRBs (83 detected) at z=8.71 : 0.83%
Simulated 10000 GRBs (71 detected) at z=8.72 : 0.71%
Simulated 10000 GRBs (72 detected) at z=8.73 : 0.72%
Simulated 10000 GRBs (67 detected) at z=8.74 : 0.67%
Simulated 10000 GRBs (49 detected) at z=8.75 : 0.49%
Simulated 10000 GRBs (61 detected) at z=8.76 : 0.61%
Simulated 10000 GRBs (66 detected) at z=8.77 : 0.66%
Simulated 10000 GRBs (70 detected) at z=8.78 : 0.7%
Simulated 10000 GRBs (64 detected) at z=8.79 : 0.64%
Simulated 10000 GRBs (66 detected) at z=8.8 : 0.66%
Simulated 10000 GRBs (64 detected) at z=8.81 : 0.64%
Simulated 10000 GRBs (69 detected) at z=8.82 : 0.69%
Simulated 10000 GRBs (66 detected) at z=8.83 : 0.66%
Simulated 10000 GRBs (74 detected) at z=8.84 : 0.74%
Simulated 10000 GRBs (56 detected) at z=8.85 : 0.56%
Simulated 10000 GRBs (61 detected) at z=8.86 : 0.61%
Simulated 10000 GRBs (58 detected) at z=8.87 : 0.58%
Simulated 10000 GRBs (59 detected) at z=8.88 : 0.59%
Simulated 10000 GRBs (62 detected) at z=8.89 : 0.62%
Simulated 10000 GRBs (55 detected) at z=8.9 : 0.55%
Simulated 10000 GRBs (59 detected) at z=8.91 : 0.59%
Simulated 10000 GRBs (67 detected) at z=8.92 : 0.67%
Simulated 10000 GRBs (54 detected) at z=8.93 : 0.54%
Simulated 10000 GRBs (51 detected) at z=8.94 : 0.51%
Simulated 10000 GRBs (46 detected) at z=8.95 : 0.46%
Simulated 10000 GRBs (54 detected) at z=8.96 : 0.54%
Simulated 10000 GRBs (48 detected) at z=8.97 : 0.48%
Simulated 10000 GRBs (75 detected) at z=8.98 : 0.75%
Simulated 10000 GRBs (68 detected) at z=8.99 : 0.68%
Simulated 10000 GRBs (62 detected) at z=9 : 0.62%
Simulated 10000 GRBs (49 detected) at z=9.01 : 0.49%
Simulated 10000 GRBs (57 detected) at z=9.02 : 0.57%
Simulated 10000 GRBs (49 detected) at z=9.03 : 0.49%
Simulated 10000 GRBs (64 detected) at z=9.04 : 0.64%
Simulated 10000 GRBs (53 detected) at z=9.05 : 0.53%
Simulated 10000 GRBs (47 detected) at z=9.06 : 0.47%
Simulated 10000 GRBs (46 detected) at z=9.07 : 0.46%
Simulated 10000 GRBs (47 detected) at z=9.08 : 0.47%
Simulated 10000 GRBs (44 detected) at z=9.09 : 0.44%
Simulated 10000 GRBs (51 detected) at z=9.1 : 0.51%
Simulated 10000 GRBs (59 detected) at z=9.11 : 0.59%
Simulated 10000 GRBs (66 detected) at z=9.12 : 0.66%
Simulated 10000 GRBs (50 detected) at z=9.13 : 0.5%
Simulated 10000 GRBs (62 detected) at z=9.14 : 0.62%
Simulated 10000 GRBs (59 detected) at z=9.15 : 0.59%
Simulated 10000 GRBs (50 detected) at z=9.16 : 0.5%
Simulated 10000 GRBs (64 detected) at z=9.17 : 0.64%
Simulated 10000 GRBs (46 detected) at z=9.18 : 0.46%
Simulated 10000 GRBs (46 detected) at z=9.19 : 0.46%
Simulated 10000 GRBs (54 detected) at z=9.2 : 0.54%
Simulated 10000 GRBs (56 detected) at z=9.21 : 0.56%
Simulated 10000 GRBs (48 detected) at z=9.22 : 0.48%
Simulated 10000 GRBs (38 detected) at z=9.23 : 0.38%
Simulated 10000 GRBs (62 detected) at z=9.24 : 0.62%
Simulated 10000 GRBs (51 detected) at z=9.25 : 0.51%
Simulated 10000 GRBs (47 detected) at z=9.26 : 0.47%
Simulated 10000 GRBs (51 detected) at z=9.27 : 0.51%
Simulated 10000 GRBs (38 detected) at z=9.28 : 0.38%
Simulated 10000 GRBs (43 detected) at z=9.29 : 0.43%
Simulated 10000 GRBs (39 detected) at z=9.3 : 0.39%
Simulated 10000 GRBs (42 detected) at z=9.31 : 0.42%
Simulated 10000 GRBs (43 detected) at z=9.32 : 0.43%
Simulated 10000 GRBs (42 detected) at z=9.33 : 0.42%
Simulated 10000 GRBs (54 detected) at z=9.34 : 0.54%
Simulated 10000 GRBs (52 detected) at z=9.35 : 0.52%
Simulated 10000 GRBs (49 detected) at z=9.36 : 0.49%
Simulated 10000 GRBs (46 detected) at z=9.37 : 0.46%
Simulated 10000 GRBs (45 detected) at z=9.38 : 0.45%
Simulated 10000 GRBs (54 detected) at z=9.39 : 0.54%
Simulated 10000 GRBs (36 detected) at z=9.4 : 0.36%
Simulated 10000 GRBs (47 detected) at z=9.41 : 0.47%
Simulated 10000 GRBs (40 detected) at z=9.42 : 0.4%
Simulated 10000 GRBs (54 detected) at z=9.43 : 0.54%
Simulated 10000 GRBs (43 detected) at z=9.44 : 0.43%
Simulated 10000 GRBs (37 detected) at z=9.45 : 0.37%
Simulated 10000 GRBs (40 detected) at z=9.46 : 0.4%
Simulated 10000 GRBs (27 detected) at z=9.47 : 0.27%
Simulated 10000 GRBs (28 detected) at z=9.48 : 0.28%
Simulated 10000 GRBs (33 detected) at z=9.49 : 0.33%
Simulated 10000 GRBs (46 detected) at z=9.5 : 0.46%
Simulated 10000 GRBs (44 detected) at z=9.51 : 0.44%
Simulated 10000 GRBs (22 detected) at z=9.52 : 0.22%
Simulated 10000 GRBs (34 detected) at z=9.53 : 0.34%
Simulated 10000 GRBs (33 detected) at z=9.54 : 0.33%
Simulated 10000 GRBs (48 detected) at z=9.55 : 0.48%
Simulated 10000 GRBs (32 detected) at z=9.56 : 0.32%
Simulated 10000 GRBs (47 detected) at z=9.57 : 0.47%
Simulated 10000 GRBs (44 detected) at z=9.58 : 0.44%
Simulated 10000 GRBs (37 detected) at z=9.59 : 0.37%
Simulated 10000 GRBs (41 detected) at z=9.6 : 0.41%
Simulated 10000 GRBs (42 detected) at z=9.61 : 0.42%
Simulated 10000 GRBs (35 detected) at z=9.62 : 0.35%
Simulated 10000 GRBs (41 detected) at z=9.63 : 0.41%
Simulated 10000 GRBs (38 detected) at z=9.64 : 0.38%
Simulated 10000 GRBs (46 detected) at z=9.65 : 0.46%
Simulated 10000 GRBs (49 detected) at z=9.66 : 0.49%
Simulated 10000 GRBs (33 detected) at z=9.67 : 0.33%
Simulated 10000 GRBs (41 detected) at z=9.68 : 0.41%
Simulated 10000 GRBs (39 detected) at z=9.69 : 0.39%
Simulated 10000 GRBs (34 detected) at z=9.7 : 0.34%
Simulated 10000 GRBs (38 detected) at z=9.71 : 0.38%
Simulated 10000 GRBs (25 detected) at z=9.72 : 0.25%
Simulated 10000 GRBs (36 detected) at z=9.73 : 0.36%
Simulated 10000 GRBs (38 detected) at z=9.74 : 0.38%
Simulated 10000 GRBs (36 detected) at z=9.75 : 0.36%
Simulated 10000 GRBs (35 detected) at z=9.76 : 0.35%
Simulated 10000 GRBs (41 detected) at z=9.77 : 0.41%
Simulated 10000 GRBs (26 detected) at z=9.78 : 0.26%
Simulated 10000 GRBs (37 detected) at z=9.79 : 0.37%
Simulated 10000 GRBs (35 detected) at z=9.8 : 0.35%
Simulated 10000 GRBs (29 detected) at z=9.81 : 0.29%
Simulated 10000 GRBs (31 detected) at z=9.82 : 0.31%
Simulated 10000 GRBs (32 detected) at z=9.83 : 0.32%
Simulated 10000 GRBs (32 detected) at z=9.84 : 0.32%
Simulated 10000 GRBs (38 detected) at z=9.85 : 0.38%
Simulated 10000 GRBs (28 detected) at z=9.86 : 0.28%
Simulated 10000 GRBs (29 detected) at z=9.87 : 0.29%
Simulated 10000 GRBs (38 detected) at z=9.88 : 0.38%
Simulated 10000 GRBs (29 detected) at z=9.89 : 0.29%
Simulated 10000 GRBs (27 detected) at z=9.9 : 0.27%
Simulated 10000 GRBs (42 detected) at z=9.91 : 0.42%
Simulated 10000 GRBs (35 detected) at z=9.92 : 0.35%
Simulated 10000 GRBs (35 detected) at z=9.93 : 0.35%
Simulated 10000 GRBs (36 detected) at z=9.94 : 0.36%
Simulated 10000 GRBs (39 detected) at z=9.95 : 0.39%
Simulated 10000 GRBs (40 detected) at z=9.96 : 0.4%
Simulated 10000 GRBs (31 detected) at z=9.97 : 0.31%
Simulated 10000 GRBs (33 detected) at z=9.98 : 0.33%
Simulated 10000 GRBs (35 detected) at z=9.99 : 0.35%
Simulated 10000 GRBs (31 detected) at z=10 : 0.31%
