Fitting 5 folds for each of 70 candidates, totalling 350 fits
[CV] max_features=2, min_samples_split=2 .............................
[CV] .................... max_features=2, min_samples_split=2 -   2.6s
[CV] max_features=2, min_samples_split=4 .............................
[CV] .................... max_features=2, min_samples_split=4 -   2.5s
[CV] max_features=2, min_samples_split=4 .............................
[CV] .................... max_features=2, min_samples_split=4 -   2.6s
[CV] max_features=2, min_samples_split=8 .............................
[CV] .................... max_features=2, min_samples_split=8 -   2.5s
[CV] max_features=2, min_samples_split=16 ............................
[CV] ................... max_features=2, min_samples_split=16 -   2.5s
[CV] max_features=2, min_samples_split=32 ............................
[CV] ................... max_features=2, min_samples_split=32 -   2.5s
[CV] max_features=2, min_samples_split=32 ............................
[CV] ................... max_features=2, min_samples_split=32 -   2.5s
[CV] max_features=3, min_samples_split=2 .............................
[CV] .................... max_features=3, min_samples_split=2 -   3.2s
[CV] max_features=3, min_samples_split=4 .............................
[CV] .................... max_features=3, min_samples_split=4 -   3.0s
[CV] max_features=3, min_samples_split=8 .............................
[CV] .................... max_features=3, min_samples_split=8 -   3.1s
[CV] max_features=3, min_samples_split=16 ............................
[CV] ................... max_features=3, min_samples_split=16 -   3.2s
[CV] max_features=3, min_samples_split=16 ............................
[CV] ................... max_features=3, min_samples_split=16 -   3.1s
[CV] max_features=3, min_samples_split=32 ............................
[CV] ................... max_features=3, min_samples_split=32 -   3.1s
[CV] max_features=4, min_samples_split=2 .............................
[CV] .................... max_features=4, min_samples_split=2 -   3.5s
[CV] max_features=4, min_samples_split=4 .............................
[CV] .................... max_features=4, min_samples_split=4 -   3.6s
[CV] max_features=4, min_samples_split=8 .............................
[CV] .................... max_features=4, min_samples_split=8 -   3.6s
[CV] max_features=4, min_samples_split=8 .............................
[CV] .................... max_features=4, min_samples_split=8 -   3.7s
[CV] max_features=4, min_samples_split=16 ............................
[CV] ................... max_features=4, min_samples_split=16 -   3.6s
[CV] max_features=4, min_samples_split=32 ............................
[CV] ................... max_features=4, min_samples_split=32 -   3.6s
[CV] max_features=5, min_samples_split=2 .............................
[CV] .................... max_features=5, min_samples_split=2 -   4.9s
[CV] max_features=5, min_samples_split=4 .............................
[CV] .................... max_features=5, min_samples_split=4 -   4.3s
[CV] max_features=5, min_samples_split=4 .............................
[CV] .................... max_features=5, min_samples_split=4 -   4.1s
[CV] max_features=5, min_samples_split=8 .............................
[CV] .................... max_features=5, min_samples_split=8 -   4.2s
[CV] max_features=5, min_samples_split=16 ............................
[CV] ................... max_features=5, min_samples_split=16 -   3.9s
[CV] max_features=5, min_samples_split=32 ............................
[CV] ................... max_features=5, min_samples_split=32 -   4.2s
[CV] max_features=6, min_samples_split=2 .............................
[CV] .................... max_features=6, min_samples_split=2 -   4.7s
[CV] max_features=6, min_samples_split=2 .............................
[CV] .................... max_features=6, min_samples_split=2 -   4.5s
[CV] max_features=6, min_samples_split=4 .............................
[CV] .................... max_features=6, min_samples_split=4 -   4.6s
[CV] max_features=6, min_samples_split=8 .............................
[CV] .................... max_features=6, min_sam[CV] max_features=2, min_samples_split=2 .............................
[CV] .................... max_features=2, min_samples_split=2 -   2.5s
[CV] max_features=2, min_samples_split=4 .............................
[CV] .................... max_features=2, min_samples_split=4 -   2.6s
[CV] max_features=2, min_samples_split=8 .............................
[CV] .................... max_features=2, min_samples_split=8 -   2.6s
[CV] max_features=2, min_samples_split=8 .............................
[CV] .................... max_features=2, min_samples_split=8 -   2.6s
[CV] max_features=2, min_samples_split=16 ............................
[CV] ................... max_features=2, min_samples_split=16 -   2.6s
[CV] max_features=2, min_samples_split=32 ............................
[CV] ................... max_features=2, min_samples_split=32 -   2.5s
[CV] max_features=3, min_samples_split=2 .............................
[CV] .................... max_features=3, min_samples_split=2 -   3.1s
[CV] max_features=3, min_samples_split=4 .............................
[CV] .................... max_features=3, min_samples_split=4 -   3.2s
[CV] max_features=3, min_samples_split=4 .............................
[CV] .................... max_features=3, min_samples_split=4 -   3.1s
[CV] max_features=3, min_samples_split=8 .............................
[CV] .................... max_features=3, min_samples_split=8 -   3.1s
[CV] max_features=3, min_samples_split=16 ............................
[CV] ................... max_features=3, min_samples_split=16 -   3.1s
[CV] max_features=3, min_samples_split=32 ............................
[CV] ................... max_features=3, min_samples_split=32 -   3.1s
[CV] max_features=3, min_samples_split=32 ............................
[CV] ................... max_features=3, min_samples_split=32 -   3.1s
[CV] max_features=4, min_samples_split=2 .............................
[CV] .................... max_features=4, min_samples_split=2 -   3.6s
[CV] max_features=4, min_samples_split=4 .............................
[CV] .................... max_features=4, min_samples_split=4 -   3.4s
[CV] max_features=4, min_samples_split=8 .............................
[CV] .................... max_features=4, min_samples_split=8 -   3.8s
[CV] max_features=4, min_samples_split=16 ............................
[CV] ................... max_features=4, min_samples_split=16 -   3.7s
[CV] max_features=4, min_samples_split=16 ............................
[CV] ................... max_features=4, min_samples_split=16 -   3.6s
[CV] max_features=4, min_samples_split=32 ............................
[CV] ................... max_features=4, min_samples_split=32 -   3.7s
[CV] max_features=5, min_samples_split=2 .............................
[CV] .................... max_features=5, min_samples_split=2 -   4.6s
[CV] max_features=5, min_samples_split=4 .............................
[CV] .................... max_features=5, min_samples_split=4 -   4.3s
[CV] max_features=5, min_samples_split=8 .............................
[CV] .................... max_features=5, min_samples_split=8 -   4.2s
[CV] max_features=5, min_samples_split=8 .............................
[CV] .................... max_features=5, min_samples_split=8 -   4.1s
[CV] max_features=5, min_samples_split=16 ............................
[CV] ................... max_features=5, min_samples_split=16 -   4.1s
[CV] max_features=5, min_samples_split=32 ............................
[CV] ................... max_features=5, min_samples_split=32 -   3.9s
[CV] max_features=6, min_samples_split=2 .............................
[CV] .................... max_features=6, min_samples_split=2 -   4.6s
[CV] max_features=6, min_samples_split=4 .............................
[CV] .................... max_features=6, min_samples_split=4 -   4.6s
[CV] max_features=6, min_samples_split=4 .............................
[CV] .................... max_features=6, min_samples_split=4 -   4.5s
[CV] max_features=6, min_samples_split=8 .............................
[CV] .................... max_features=6, min_sam[CV] max_features=2, min_samples_split=2 .............................
[CV] .................... max_features=2, min_samples_split=2 -   2.5s
[CV] max_features=2, min_samples_split=2 .............................
[CV] .................... max_features=2, min_samples_split=2 -   2.6s
[CV] max_features=2, min_samples_split=4 .............................
[CV] .................... max_features=2, min_samples_split=4 -   2.6s
[CV] max_features=2, min_samples_split=16 ............................
[CV] ................... max_features=2, min_samples_split=16 -   2.6s
[CV] max_features=2, min_samples_split=16 ............................
[CV] ................... max_features=2, min_samples_split=16 -   2.5s
[CV] max_features=2, min_samples_split=32 ............................
[CV] ................... max_features=2, min_samples_split=32 -   2.6s
[CV] max_features=3, min_samples_split=2 .............................
[CV] .................... max_features=3, min_samples_split=2 -   3.1s
[CV] max_features=3, min_samples_split=2 .............................
[CV] .................... max_features=3, min_samples_split=2 -   3.2s
[CV] max_features=3, min_samples_split=4 .............................
[CV] .................... max_features=3, min_samples_split=4 -   3.1s
[CV] max_features=3, min_samples_split=8 .............................
[CV] .................... max_features=3, min_samples_split=8 -   3.1s
[CV] max_features=3, min_samples_split=16 ............................
[CV] ................... max_features=3, min_samples_split=16 -   3.2s
[CV] max_features=3, min_samples_split=32 ............................
[CV] ................... max_features=3, min_samples_split=32 -   3.1s
[CV] max_features=4, min_samples_split=2 .............................
[CV] .................... max_features=4, min_samples_split=2 -   3.7s
[CV] max_features=4, min_samples_split=2 .............................
[CV] .................... max_features=4, min_samples_split=2 -   3.6s
[CV] max_features=4, min_samples_split=4 .............................
[CV] .................... max_features=4, min_samples_split=4 -   3.7s
[CV] max_features=4, min_samples_split=8 .............................
[CV] .................... max_features=4, min_samples_split=8 -   3.7s
[CV] max_features=4, min_samples_split=16 ............................
[CV] ................... max_features=4, min_samples_split=16 -   3.7s
[CV] max_features=4, min_samples_split=32 ............................
[CV] ................... max_features=4, min_samples_split=32 -   3.7s
[CV] max_features=4, min_samples_split=32 ............................
[CV] ................... max_features=4, min_samples_split=32 -   3.8s
[CV] max_features=5, min_samples_split=2 .............................
[CV] .................... max_features=5, min_samples_split=2 -   4.8s
[CV] max_features=5, min_samples_split=4 .............................
[CV] .................... max_features=5, min_samples_split=4 -   4.1s
[CV] max_features=5, min_samples_split=8 .............................
[CV] .................... max_features=5, min_samples_split=8 -   3.9s
[CV] max_features=5, min_samples_split=16 ............................
[CV] ................... max_features=5, min_samples_split=16 -   4.2s
[CV] max_features=5, min_samples_split=32 ............................
[CV] ................... max_features=5, min_samples_split=32 -   4.2s
[CV] max_features=5, min_samples_split=32 ............................
[CV] ................... max_features=5, min_samples_split=32 -   4.2s
[CV] max_features=6, min_samples_split=2 .............................
[CV] .................... max_features=6, min_samples_split=2 -   4.6s
[CV] max_features=6, min_samples_split=4 .............................
[CV] .................... max_features=6, min_samples_split=4 -   4.3s
[CV] max_features=6, min_samples_split=8 .............................
[CV] .................... max_features=6, min_samples_split=8 -   4.6s
[CV] max_features=6, min_samples_split=8 .............................
[CV] .................... max_features=6, min_sam[CV] max_features=2, min_samples_split=2 .............................
[CV] .................... max_features=2, min_samples_split=2 -   2.6s
[CV] max_features=2, min_samples_split=4 .............................
[CV] .................... max_features=2, min_samples_split=4 -   2.6s
[CV] max_features=2, min_samples_split=8 .............................
[CV] .................... max_features=2, min_samples_split=8 -   2.5s
[CV] max_features=2, min_samples_split=8 .............................
[CV] .................... max_features=2, min_samples_split=8 -   2.5s
[CV] max_features=2, min_samples_split=16 ............................
[CV] ................... max_features=2, min_samples_split=16 -   2.6s
[CV] max_features=2, min_samples_split=32 ............................
[CV] ................... max_features=2, min_samples_split=32 -   2.6s
[CV] max_features=3, min_samples_split=2 .............................
[CV] .................... max_features=3, min_samples_split=2 -   3.1s
[CV] max_features=3, min_samples_split=4 .............................
[CV] .................... max_features=3, min_samples_split=4 -   3.3s
[CV] max_features=3, min_samples_split=8 .............................
[CV] .................... max_features=3, min_samples_split=8 -   3.2s
[CV] max_features=3, min_samples_split=8 .............................
[CV] .................... max_features=3, min_samples_split=8 -   3.2s
[CV] max_features=3, min_samples_split=16 ............................
[CV] ................... max_features=3, min_samples_split=16 -   3.2s
[CV] max_features=3, min_samples_split=32 ............................
[CV] ................... max_features=3, min_samples_split=32 -   3.0s
[CV] max_features=4, min_samples_split=2 .............................
[CV] .................... max_features=4, min_samples_split=2 -   3.7s
[CV] max_features=4, min_samples_split=4 .............................
[CV] .................... max_features=4, min_samples_split=4 -   3.7s
[CV] max_features=4, min_samples_split=4 .............................
[CV] .................... max_features=4, min_samples_split=4 -   3.7s
[CV] max_features=4, min_samples_split=8 .............................
[CV] .................... max_features=4, min_samples_split=8 -   3.7s
[CV] max_features=4, min_samples_split=16 ............................
[CV] ................... max_features=4, min_samples_split=16 -   3.6s
[CV] max_features=4, min_samples_split=32 ............................
[CV] ................... max_features=4, min_samples_split=32 -   3.6s
[CV] max_features=5, min_samples_split=2 .............................
[CV] .................... max_features=5, min_samples_split=2 -   4.3s
[CV] max_features=5, min_samples_split=2 .............................
[CV] .................... max_features=5, min_samples_split=2 -   4.2s
[CV] max_features=5, min_samples_split=4 .............................
[CV] .................... max_features=5, min_samples_split=4 -   4.0s
[CV] max_features=5, min_samples_split=8 .............................
[CV] .................... max_features=5, min_samples_split=8 -   4.1s
[CV] max_features=5, min_samples_split=16 ............................
[CV] ................... max_features=5, min_samples_split=16 -   4.1s
[CV] max_features=5, min_samples_split=16 ............................
[CV] ................... max_features=5, min_samples_split=16 -   4.1s
[CV] max_features=5, min_samples_split=32 ............................
[CV] ................... max_features=5, min_samples_split=32 -   4.2s
[CV] max_features=6, min_samples_split=2 .............................
[CV] .................... max_features=6, min_samples_split=2 -   4.4s
[CV] max_features=6, min_samples_split=4 .............................
[CV] .................... max_features=6, min_samples_split=4 -   4.5s
[CV] max_features=6, min_samples_split=8 .............................
[CV] .................... max_features=6, min_samples_split=8 -   4.7s
[CV] max_features=6, min_samples_split=16 ............................
[CV] ................... max_features=6, min_sampples_split=8 -   4.4s
[CV] max_features=6, min_samples_split=16 ............................
[CV] ................... max_features=6, min_samples_split=16 -   4.7s
[CV] max_features=6, min_samples_split=32 ............................
[CV] ................... max_features=6, min_samples_split=32 -   4.6s
[CV] max_features=6, min_samples_split=32 ............................
[CV] ................... max_features=6, min_samples_split=32 -   4.5s
[CV] max_features=7, min_samples_split=2 .............................
[CV] .................... max_features=7, min_samples_split=2 -   5.2s
[CV] max_features=7, min_samples_split=4 .............................
[CV] .................... max_features=7, min_samples_split=4 -   4.8s
[CV] max_features=7, min_samples_split=8 .............................
[CV] .................... max_features=7, min_samples_split=8 -   5.1s
[CV] max_features=7, min_samples_split=16 ............................
[CV] ................... max_features=7, min_samples_split=16 -   5.2s
[CV] max_features=7, min_samples_split=16 ............................
[CV] ................... max_features=7, min_samples_split=16 -   5.1s
[CV] max_features=7, min_samples_split=32 ............................
[CV] ................... max_features=7, min_samples_split=32 -   5.0s
[CV] max_features=8, min_samples_split=2 .............................
[CV] .................... max_features=8, min_samples_split=2 -   5.4s
[CV] max_features=8, min_samples_split=4 .............................
[CV] .................... max_features=8, min_samples_split=4 -   5.6s
[CV] max_features=8, min_samples_split=8 .............................
[CV] .................... max_features=8, min_samples_split=8 -   5.6s
[CV] max_features=8, min_samples_split=8 .............................
[CV] .................... max_features=8, min_samples_split=8 -   5.7s
[CV] max_features=8, min_samples_split=16 ............................
[CV] ................... max_features=8, min_samples_split=16 -   5.5s
[CV] max_features=8, min_samples_split=32 ............................
[CV] ................... max_features=8, min_samples_split=32 -   5.1s
[CV] max_features=9, min_samples_split=2 .............................
[CV] .................... max_features=9, min_samples_split=2 -   5.8s
[CV] max_features=9, min_samples_split=4 .............................
[CV] .................... max_features=9, min_samples_split=4 -   6.0s
[CV] max_features=9, min_samples_split=4 .............................
[CV] .................... max_features=9, min_samples_split=4 -   6.0s
[CV] max_features=9, min_samples_split=8 .............................
[CV] .................... max_features=9, min_samples_split=8 -   5.9s
[CV] max_features=9, min_samples_split=16 ............................
[CV] ................... max_features=9, min_samples_split=16 -   5.7s
[CV] max_features=9, min_samples_split=32 ............................
[CV] ................... max_features=9, min_samples_split=32 -   5.7s
[CV] max_features=10, min_samples_split=2 ............................
[CV] ................... max_features=10, min_samples_split=2 -   6.4s
[CV] max_features=10, min_samples_split=2 ............................
[CV] ................... max_features=10, min_samples_split=2 -   6.4s
[CV] max_features=10, min_samples_split=4 ............................
[CV] ................... max_features=10, min_samples_split=4 -   6.2s
[CV] max_features=10, min_samples_split=8 ............................
[CV] ................... max_features=10, min_samples_split=8 -   6.1s
[CV] max_features=10, min_samples_split=16 ...........................
[CV] .................. max_features=10, min_samples_split=16 -   6.4s
[CV] max_features=10, min_samples_split=32 ...........................
[CV] .................. max_features=10, min_samples_split=32 -   6.5s
[CV] max_features=10, min_samples_split=32 ...........................
[CV] .................. max_features=10, min_samples_split=32 -   6.4s
[CV] max_features=11, min_samples_split=2 ............................
[CV] ................... maples_split=8 -   4.5s
[CV] max_features=6, min_samples_split=16 ............................
[CV] ................... max_features=6, min_samples_split=16 -   4.5s
[CV] max_features=6, min_samples_split=32 ............................
[CV] ................... max_features=6, min_samples_split=32 -   4.6s
[CV] max_features=7, min_samples_split=2 .............................
[CV] .................... max_features=7, min_samples_split=2 -   5.1s
[CV] max_features=7, min_samples_split=2 .............................
[CV] .................... max_features=7, min_samples_split=2 -   5.1s
[CV] max_features=7, min_samples_split=4 .............................
[CV] .................... max_features=7, min_samples_split=4 -   5.0s
[CV] max_features=7, min_samples_split=8 .............................
[CV] .................... max_features=7, min_samples_split=8 -   4.9s
[CV] max_features=7, min_samples_split=16 ............................
[CV] ................... max_features=7, min_samples_split=16 -   5.0s
[CV] max_features=7, min_samples_split=32 ............................
[CV] ................... max_features=7, min_samples_split=32 -   5.1s
[CV] max_features=7, min_samples_split=32 ............................
[CV] ................... max_features=7, min_samples_split=32 -   5.0s
[CV] max_features=8, min_samples_split=2 .............................
[CV] .................... max_features=8, min_samples_split=2 -   5.6s
[CV] max_features=8, min_samples_split=4 .............................
[CV] .................... max_features=8, min_samples_split=4 -   5.5s
[CV] max_features=8, min_samples_split=8 .............................
[CV] .................... max_features=8, min_samples_split=8 -   5.6s
[CV] max_features=8, min_samples_split=16 ............................
[CV] ................... max_features=8, min_samples_split=16 -   5.8s
[CV] max_features=8, min_samples_split=16 ............................
[CV] ................... max_features=8, min_samples_split=16 -   5.5s
[CV] max_features=8, min_samples_split=32 ............................
[CV] ................... max_features=8, min_samples_split=32 -   5.5s
[CV] max_features=9, min_samples_split=2 .............................
[CV] .................... max_features=9, min_samples_split=2 -   5.8s
[CV] max_features=9, min_samples_split=4 .............................
[CV] .................... max_features=9, min_samples_split=4 -   6.0s
[CV] max_features=9, min_samples_split=8 .............................
[CV] .................... max_features=9, min_samples_split=8 -   6.2s
[CV] max_features=9, min_samples_split=8 .............................
[CV] .................... max_features=9, min_samples_split=8 -   5.9s
[CV] max_features=9, min_samples_split=16 ............................
[CV] ................... max_features=9, min_samples_split=16 -   5.9s
[CV] max_features=9, min_samples_split=32 ............................
[CV] ................... max_features=9, min_samples_split=32 -   5.6s
[CV] max_features=10, min_samples_split=2 ............................
[CV] ................... max_features=10, min_samples_split=2 -   6.5s
[CV] max_features=10, min_samples_split=4 ............................
[CV] ................... max_features=10, min_samples_split=4 -   6.6s
[CV] max_features=10, min_samples_split=4 ............................
[CV] ................... max_features=10, min_samples_split=4 -   6.4s
[CV] max_features=10, min_samples_split=8 ............................
[CV] ................... max_features=10, min_samples_split=8 -   6.3s
[CV] max_features=10, min_samples_split=16 ...........................
[CV] .................. max_features=10, min_samples_split=16 -   6.2s
[CV] max_features=10, min_samples_split=32 ...........................
[CV] .................. max_features=10, min_samples_split=32 -   6.2s
[CV] max_features=11, min_samples_split=2 ............................
[CV] ................... max_features=11, min_samples_split=2 -   7.0s
[CV] max_features=11, min_samples_split=2 ............................
[CV] ................... males_split=16 -   4.6s
[CV] max_features=6, min_samples_split=16 ............................
[CV] ................... max_features=6, min_samples_split=16 -   4.6s
[CV] max_features=6, min_samples_split=32 ............................
[CV] ................... max_features=6, min_samples_split=32 -   4.6s
[CV] max_features=7, min_samples_split=2 .............................
[CV] .................... max_features=7, min_samples_split=2 -   4.8s
[CV] max_features=7, min_samples_split=4 .............................
[CV] .................... max_features=7, min_samples_split=4 -   5.2s
[CV] max_features=7, min_samples_split=4 .............................
[CV] .................... max_features=7, min_samples_split=4 -   5.0s
[CV] max_features=7, min_samples_split=8 .............................
[CV] .................... max_features=7, min_samples_split=8 -   5.2s
[CV] max_features=7, min_samples_split=16 ............................
[CV] ................... max_features=7, min_samples_split=16 -   4.9s
[CV] max_features=7, min_samples_split=32 ............................
[CV] ................... max_features=7, min_samples_split=32 -   5.1s
[CV] max_features=8, min_samples_split=2 .............................
[CV] .................... max_features=8, min_samples_split=2 -   5.7s
[CV] max_features=8, min_samples_split=2 .............................
[CV] .................... max_features=8, min_samples_split=2 -   5.5s
[CV] max_features=8, min_samples_split=4 .............................
[CV] .................... max_features=8, min_samples_split=4 -   5.4s
[CV] max_features=8, min_samples_split=8 .............................
[CV] .................... max_features=8, min_samples_split=8 -   5.3s
[CV] max_features=8, min_samples_split=16 ............................
[CV] ................... max_features=8, min_samples_split=16 -   5.7s
[CV] max_features=8, min_samples_split=32 ............................
[CV] ................... max_features=8, min_samples_split=32 -   5.7s
[CV] max_features=8, min_samples_split=32 ............................
[CV] ................... max_features=8, min_samples_split=32 -   5.3s
[CV] max_features=9, min_samples_split=2 .............................
[CV] .................... max_features=9, min_samples_split=2 -   5.9s
[CV] max_features=9, min_samples_split=4 .............................
[CV] .................... max_features=9, min_samples_split=4 -   5.6s
[CV] max_features=9, min_samples_split=8 .............................
[CV] .................... max_features=9, min_samples_split=8 -   6.0s
[CV] max_features=9, min_samples_split=16 ............................
[CV] ................... max_features=9, min_samples_split=16 -   5.9s
[CV] max_features=9, min_samples_split=16 ............................
[CV] ................... max_features=9, min_samples_split=16 -   6.0s
[CV] max_features=9, min_samples_split=32 ............................
[CV] ................... max_features=9, min_samples_split=32 -   5.8s
[CV] max_features=10, min_samples_split=2 ............................
[CV] ................... max_features=10, min_samples_split=2 -   6.1s
[CV] max_features=10, min_samples_split=4 ............................
[CV] ................... max_features=10, min_samples_split=4 -   6.4s
[CV] max_features=10, min_samples_split=8 ............................
[CV] ................... max_features=10, min_samples_split=8 -   6.7s
[CV] max_features=10, min_samples_split=8 ............................
[CV] ................... max_features=10, min_samples_split=8 -   6.4s
[CV] max_features=10, min_samples_split=16 ...........................
[CV] .................. max_features=10, min_samples_split=16 -   6.3s
[CV] max_features=10, min_samples_split=32 ...........................
[CV] .................. max_features=10, min_samples_split=32 -   6.0s
[CV] max_features=11, min_samples_split=2 ............................
[CV] ................... max_features=11, min_samples_split=2 -   6.8s
[CV] max_features=11, min_samples_split=4 ............................
[CV] ................... maples_split=8 -   4.6s
[CV] max_features=6, min_samples_split=16 ............................
[CV] ................... max_features=6, min_samples_split=16 -   4.6s
[CV] max_features=6, min_samples_split=32 ............................
[CV] ................... max_features=6, min_samples_split=32 -   4.3s
[CV] max_features=7, min_samples_split=2 .............................
[CV] .................... max_features=7, min_samples_split=2 -   5.1s
[CV] max_features=7, min_samples_split=4 .............................
[CV] .................... max_features=7, min_samples_split=4 -   5.3s
[CV] max_features=7, min_samples_split=8 .............................
[CV] .................... max_features=7, min_samples_split=8 -   5.2s
[CV] max_features=7, min_samples_split=8 .............................
[CV] .................... max_features=7, min_samples_split=8 -   5.1s
[CV] max_features=7, min_samples_split=16 ............................
[CV] ................... max_features=7, min_samples_split=16 -   5.0s
[CV] max_features=7, min_samples_split=32 ............................
[CV] ................... max_features=7, min_samples_split=32 -   4.9s
[CV] max_features=8, min_samples_split=2 .............................
[CV] .................... max_features=8, min_samples_split=2 -   5.7s
[CV] max_features=8, min_samples_split=4 .............................
[CV] .................... max_features=8, min_samples_split=4 -   5.7s
[CV] max_features=8, min_samples_split=4 .............................
[CV] .................... max_features=8, min_samples_split=4 -   5.5s
[CV] max_features=8, min_samples_split=8 .............................
[CV] .................... max_features=8, min_samples_split=8 -   5.6s
[CV] max_features=8, min_samples_split=16 ............................
[CV] ................... max_features=8, min_samples_split=16 -   5.4s
[CV] max_features=8, min_samples_split=32 ............................
[CV] ................... max_features=8, min_samples_split=32 -   5.5s
[CV] max_features=9, min_samples_split=2 .............................
[CV] .................... max_features=9, min_samples_split=2 -   6.1s
[CV] max_features=9, min_samples_split=2 .............................
[CV] .................... max_features=9, min_samples_split=2 -   6.0s
[CV] max_features=9, min_samples_split=4 .............................
[CV] .................... max_features=9, min_samples_split=4 -   5.9s
[CV] max_features=9, min_samples_split=8 .............................
[CV] .................... max_features=9, min_samples_split=8 -   5.8s
[CV] max_features=9, min_samples_split=16 ............................
[CV] ................... max_features=9, min_samples_split=16 -   5.9s
[CV] max_features=9, min_samples_split=32 ............................
[CV] ................... max_features=9, min_samples_split=32 -   6.0s
[CV] max_features=9, min_samples_split=32 ............................
[CV] ................... max_features=9, min_samples_split=32 -   5.8s
[CV] max_features=10, min_samples_split=2 ............................
[CV] ................... max_features=10, min_samples_split=2 -   6.5s
[CV] max_features=10, min_samples_split=4 ............................
[CV] ................... max_features=10, min_samples_split=4 -   6.2s
[CV] max_features=10, min_samples_split=8 ............................
[CV] ................... max_features=10, min_samples_split=8 -   6.6s
[CV] max_features=10, min_samples_split=16 ...........................
[CV] .................. max_features=10, min_samples_split=16 -   6.4s
[CV] max_features=10, min_samples_split=16 ...........................
[CV] .................. max_features=10, min_samples_split=16 -   6.5s
[CV] max_features=10, min_samples_split=32 ...........................
[CV] .................. max_features=10, min_samples_split=32 -   6.3s
[CV] max_features=11, min_samples_split=2 ............................
[CV] ................... max_features=11, min_samples_split=2 -   6.6s
[CV] max_features=11, min_samples_split=4 ............................
[CV] ................... max_features=11, min_samples_split=2 -   6.9s
[CV] max_features=11, min_samples_split=4 ............................
[CV] ................... max_features=11, min_samples_split=4 -   6.6s
[CV] max_features=11, min_samples_split=8 ............................
[CV] ................... max_features=11, min_samples_split=8 -   6.7s
[CV] max_features=11, min_samples_split=16 ...........................
[CV] .................. max_features=11, min_samples_split=16 -   7.3s
[CV] max_features=11, min_samples_split=16 ...........................
[CV] .................. max_features=11, min_samples_split=16 -   6.9s
[CV] max_features=11, min_samples_split=32 ...........................
[CV] .................. max_features=11, min_samples_split=32 -   6.7s
[CV] max_features=12, min_samples_split=2 ............................
[CV] ................... max_features=12, min_samples_split=2 -   7.6s
[CV] max_features=12, min_samples_split=4 ............................
[CV] ................... max_features=12, min_samples_split=4 -   7.2s
[CV] max_features=12, min_samples_split=8 ............................
[CV] ................... max_features=12, min_samples_split=8 -   7.4s
[CV] max_features=12, min_samples_split=8 ............................
[CV] ................... max_features=12, min_samples_split=8 -   7.2s
[CV] max_features=12, min_samples_split=16 ...........................
[CV] .................. max_features=12, min_samples_split=16 -   7.2s
[CV] max_features=12, min_samples_split=32 ...........................
[CV] .................. max_features=12, min_samples_split=32 -   6.9s
[CV] max_features=13, min_samples_split=2 ............................
[CV] ................... max_features=13, min_samples_split=2 -   7.7s
[CV] max_features=13, min_samples_split=4 ............................
[CV] ................... max_features=13, min_samples_split=4 -   7.8s
[CV] max_features=13, min_samples_split=4 ............................
[CV] ................... max_features=13, min_samples_split=4 -   7.5s
[CV] max_features=13, min_samples_split=8 ............................
[CV] ................... max_features=13, min_samples_split=8 -   7.6s
[CV] max_features=13, min_samples_split=16 ...........................
[CV] .................. max_features=13, min_samples_split=16 -   7.1s
[CV] max_features=13, min_samples_split=32 ...........................
[CV] .................. max_features=13, min_samples_split=32 -   7.6s
[CV] max_features=14, min_samples_split=2 ............................
[CV] ................... max_features=14, min_samples_split=2 -   8.2s
[CV] max_features=14, min_samples_split=2 ............................
[CV] ................... max_features=14, min_samples_split=2 -   8.2s
[CV] max_features=14, min_samples_split=4 ............................
[CV] ................... max_features=14, min_samples_split=4 -   7.9s
[CV] max_features=14, min_samples_split=8 ............................
[CV] ................... max_features=14, min_samples_split=8 -   7.6s
[CV] max_features=14, min_samples_split=16 ...........................
[CV] .................. max_features=14, min_samples_split=16 -   8.2s
[CV] max_features=14, min_samples_split=32 ...........................
[CV] .................. max_features=14, min_samples_split=32 -   8.3s
[CV] max_features=14, min_samples_split=32 ...........................
[CV] .................. max_features=14, min_samples_split=32 -   8.0s
[CV] max_features=15, min_samples_split=2 ............................
[CV] ................... max_features=15, min_samples_split=2 -   8.5s
[CV] max_features=15, min_samples_split=4 ............................
[CV] ................... max_features=15, min_samples_split=4 -   8.3s
[CV] max_features=15, min_samples_split=8 ............................
[CV] ................... max_features=15, min_samples_split=8 -   8.4s
[CV] max_features=15, min_samples_split=16 ...........................
[CV] .................. max_features=15, min_samples_split=16 -   8.6s
[CV] max_features=15, min_samples_split=16 ...........................
[CV] x_features=11, min_samples_split=2 -   6.8s
[CV] max_features=11, min_samples_split=4 ............................
[CV] ................... max_features=11, min_samples_split=4 -   6.7s
[CV] max_features=11, min_samples_split=8 ............................
[CV] ................... max_features=11, min_samples_split=8 -   6.5s
[CV] max_features=11, min_samples_split=16 ...........................
[CV] .................. max_features=11, min_samples_split=16 -   7.0s
[CV] max_features=11, min_samples_split=32 ...........................
[CV] .................. max_features=11, min_samples_split=32 -   7.2s
[CV] max_features=11, min_samples_split=32 ...........................
[CV] .................. max_features=11, min_samples_split=32 -   6.7s
[CV] max_features=12, min_samples_split=2 ............................
[CV] ................... max_features=12, min_samples_split=2 -   7.5s
[CV] max_features=12, min_samples_split=4 ............................
[CV] ................... max_features=12, min_samples_split=4 -   7.0s
[CV] max_features=12, min_samples_split=8 ............................
[CV] ................... max_features=12, min_samples_split=8 -   7.3s
[CV] max_features=12, min_samples_split=16 ...........................
[CV] .................. max_features=12, min_samples_split=16 -   7.4s
[CV] max_features=12, min_samples_split=16 ...........................
[CV] .................. max_features=12, min_samples_split=16 -   7.4s
[CV] max_features=12, min_samples_split=32 ...........................
[CV] .................. max_features=12, min_samples_split=32 -   7.1s
[CV] max_features=13, min_samples_split=2 ............................
[CV] ................... max_features=13, min_samples_split=2 -   7.3s
[CV] max_features=13, min_samples_split=4 ............................
[CV] ................... max_features=13, min_samples_split=4 -   7.9s
[CV] max_features=13, min_samples_split=8 ............................
[CV] ................... max_features=13, min_samples_split=8 -   7.9s
[CV] max_features=13, min_samples_split=8 ............................
[CV] ................... max_features=13, min_samples_split=8 -   7.7s
[CV] max_features=13, min_samples_split=16 ...........................
[CV] .................. max_features=13, min_samples_split=16 -   7.6s
[CV] max_features=13, min_samples_split=32 ...........................
[CV] .................. max_features=13, min_samples_split=32 -   7.3s
[CV] max_features=14, min_samples_split=2 ............................
[CV] ................... max_features=14, min_samples_split=2 -   8.2s
[CV] max_features=14, min_samples_split=4 ............................
[CV] ................... max_features=14, min_samples_split=4 -   8.3s
[CV] max_features=14, min_samples_split=4 ............................
[CV] ................... max_features=14, min_samples_split=4 -   8.1s
[CV] max_features=14, min_samples_split=8 ............................
[CV] ................... max_features=14, min_samples_split=8 -   8.0s
[CV] max_features=14, min_samples_split=16 ...........................
[CV] .................. max_features=14, min_samples_split=16 -   7.7s
[CV] max_features=14, min_samples_split=32 ...........................
[CV] .................. max_features=14, min_samples_split=32 -   8.2s
[CV] max_features=15, min_samples_split=2 ............................
[CV] ................... max_features=15, min_samples_split=2 -   8.5s
[CV] max_features=15, min_samples_split=2 ............................
[CV] ................... max_features=15, min_samples_split=2 -   8.7s
[CV] max_features=15, min_samples_split=4 ............................
[CV] ................... max_features=15, min_samples_split=4 -   8.5s
[CV] max_features=15, min_samples_split=8 ............................
[CV] ................... max_features=15, min_samples_split=8 -   8.2s
[CV] max_features=15, min_samples_split=16 ...........................
[CV] .................. max_features=15, min_samples_split=16 -   8.7s
[CV] max_features=15, min_samples_split=32 ...........................
[CV] x_features=11, min_samples_split=4 -   6.9s
[CV] max_features=11, min_samples_split=4 ............................
[CV] ................... max_features=11, min_samples_split=4 -   6.8s
[CV] max_features=11, min_samples_split=8 ............................
[CV] ................... max_features=11, min_samples_split=8 -   6.8s
[CV] max_features=11, min_samples_split=16 ...........................
[CV] .................. max_features=11, min_samples_split=16 -   7.1s
[CV] max_features=11, min_samples_split=32 ...........................
[CV] .................. max_features=11, min_samples_split=32 -   6.7s
[CV] max_features=12, min_samples_split=2 ............................
[CV] ................... max_features=12, min_samples_split=2 -   7.5s
[CV] max_features=12, min_samples_split=2 ............................
[CV] ................... max_features=12, min_samples_split=2 -   7.4s
[CV] max_features=12, min_samples_split=4 ............................
[CV] ................... max_features=12, min_samples_split=4 -   7.2s
[CV] max_features=12, min_samples_split=8 ............................
[CV] ................... max_features=12, min_samples_split=8 -   7.0s
[CV] max_features=12, min_samples_split=16 ...........................
[CV] .................. max_features=12, min_samples_split=16 -   7.3s
[CV] max_features=12, min_samples_split=32 ...........................
[CV] .................. max_features=12, min_samples_split=32 -   7.3s
[CV] max_features=12, min_samples_split=32 ...........................
[CV] .................. max_features=12, min_samples_split=32 -   7.2s
[CV] max_features=13, min_samples_split=2 ............................
[CV] ................... max_features=13, min_samples_split=2 -   7.6s
[CV] max_features=13, min_samples_split=4 ............................
[CV] ................... max_features=13, min_samples_split=4 -   7.5s
[CV] max_features=13, min_samples_split=8 ............................
[CV] ................... max_features=13, min_samples_split=8 -   7.7s
[CV] max_features=13, min_samples_split=16 ...........................
[CV] .................. max_features=13, min_samples_split=16 -   7.7s
[CV] max_features=13, min_samples_split=16 ...........................
[CV] .................. max_features=13, min_samples_split=16 -   7.7s
[CV] max_features=13, min_samples_split=32 ...........................
[CV] .................. max_features=13, min_samples_split=32 -   7.4s
[CV] max_features=14, min_samples_split=2 ............................
[CV] ................... max_features=14, min_samples_split=2 -   7.7s
[CV] max_features=14, min_samples_split=4 ............................
[CV] ................... max_features=14, min_samples_split=4 -   8.2s
[CV] max_features=14, min_samples_split=8 ............................
[CV] ................... max_features=14, min_samples_split=8 -   8.1s
[CV] max_features=14, min_samples_split=8 ............................
[CV] ................... max_features=14, min_samples_split=8 -   8.2s
[CV] max_features=14, min_samples_split=16 ...........................
[CV] .................. max_features=14, min_samples_split=16 -   7.9s
[CV] max_features=14, min_samples_split=32 ...........................
[CV] .................. max_features=14, min_samples_split=32 -   7.8s
[CV] max_features=15, min_samples_split=2 ............................
[CV] ................... max_features=15, min_samples_split=2 -   8.6s
[CV] max_features=15, min_samples_split=4 ............................
[CV] ................... max_features=15, min_samples_split=4 -   8.6s
[CV] max_features=15, min_samples_split=4 ............................
[CV] ................... max_features=15, min_samples_split=4 -   8.7s
[CV] max_features=15, min_samples_split=8 ............................
[CV] ................... max_features=15, min_samples_split=8 -   8.5s
[CV] max_features=15, min_samples_split=16 ...........................
[CV] .................. max_features=15, min_samples_split=16 -   8.1s
[CV] max_features=15, min_samples_split=32 ...........................
[CV] x_features=11, min_samples_split=4 -   6.8s
[CV] max_features=11, min_samples_split=8 ............................
[CV] ................... max_features=11, min_samples_split=8 -   6.9s
[CV] max_features=11, min_samples_split=8 ............................
[CV] ................... max_features=11, min_samples_split=8 -   6.9s
[CV] max_features=11, min_samples_split=16 ...........................
[CV] .................. max_features=11, min_samples_split=16 -   7.3s
[CV] max_features=11, min_samples_split=32 ...........................
[CV] .................. max_features=11, min_samples_split=32 -   6.7s
[CV] max_features=12, min_samples_split=2 ............................
[CV] ................... max_features=12, min_samples_split=2 -   7.5s
[CV] max_features=12, min_samples_split=4 ............................
[CV] ................... max_features=12, min_samples_split=4 -   7.8s
[CV] max_features=12, min_samples_split=4 ............................
[CV] ................... max_features=12, min_samples_split=4 -   7.3s
[CV] max_features=12, min_samples_split=8 ............................
[CV] ................... max_features=12, min_samples_split=8 -   7.1s
[CV] max_features=12, min_samples_split=16 ...........................
[CV] .................. max_features=12, min_samples_split=16 -   6.9s
[CV] max_features=12, min_samples_split=32 ...........................
[CV] .................. max_features=12, min_samples_split=32 -   7.3s
[CV] max_features=13, min_samples_split=2 ............................
[CV] ................... max_features=13, min_samples_split=2 -   7.9s
[CV] max_features=13, min_samples_split=2 ............................
[CV] ................... max_features=13, min_samples_split=2 -   7.6s
[CV] max_features=13, min_samples_split=4 ............................
[CV] ................... max_features=13, min_samples_split=4 -   7.8s
[CV] max_features=13, min_samples_split=8 ............................
[CV] ................... max_features=13, min_samples_split=8 -   7.4s
[CV] max_features=13, min_samples_split=16 ...........................
[CV] .................. max_features=13, min_samples_split=16 -   7.6s
[CV] max_features=13, min_samples_split=32 ...........................
[CV] .................. max_features=13, min_samples_split=32 -   7.7s
[CV] max_features=13, min_samples_split=32 ...........................
[CV] .................. max_features=13, min_samples_split=32 -   7.6s
[CV] max_features=14, min_samples_split=2 ............................
[CV] ................... max_features=14, min_samples_split=2 -   8.0s
[CV] max_features=14, min_samples_split=4 ............................
[CV] ................... max_features=14, min_samples_split=4 -   7.7s
[CV] max_features=14, min_samples_split=8 ............................
[CV] ................... max_features=14, min_samples_split=8 -   8.0s
[CV] max_features=14, min_samples_split=16 ...........................
[CV] .................. max_features=14, min_samples_split=16 -   8.3s
[CV] max_features=14, min_samples_split=16 ...........................
[CV] .................. max_features=14, min_samples_split=16 -   8.1s
[CV] max_features=14, min_samples_split=32 ...........................
[CV] .................. max_features=14, min_samples_split=32 -   7.9s
[CV] max_features=15, min_samples_split=2 ............................
[CV] ................... max_features=15, min_samples_split=2 -   8.2s
[CV] max_features=15, min_samples_split=4 ............................
[CV] ................... max_features=15, min_samples_split=4 -   8.8s
[CV] max_features=15, min_samples_split=8 ............................
[CV] ................... max_features=15, min_samples_split=8 -   8.7s
[CV] max_features=15, min_samples_split=8 ............................
[CV] ................... max_features=15, min_samples_split=8 -   8.7s
[CV] max_features=15, min_samples_split=16 ...........................
[CV] .................. max_features=15, min_samples_split=16 -   8.5s
[CV] max_features=15, min_samples_split=32 ...........................
[CV] .................. max_features=15, min_samples_split=32 -   7.9s
.................. max_features=15, min_samples_split=32 -   8.6s
.................. max_features=15, min_samples_split=16 -   8.6s
[CV] max_features=15, min_samples_split=32 ...........................
[CV] .................. max_features=15, min_samples_split=32 -   7.5s

Cross-validation best params:  {'max_features': 11, 'min_samples_split': 4}
Train score =  0.993733333333
Test score =  0.991 

Random Forest:
    Accuracy =  0.992
    Feature importances =  [ 0.19210241  0.00264364  0.00646384  0.00090896  0.00243057  0.00840538
  0.00292917  0.08085643  0.00072998  0.00078072  0.00086948  0.00077489
  0.00679341  0.69163595  0.00167517]
AdaBoost Random Forest:
    Accuracy =  0.9914
    Feature importances =  [ 0.10500514  0.05053576  0.04206711  0.02589165  0.04136406  0.08988946
  0.06204066  0.17092721  0.02659748  0.02801926  0.02904296  0.02765454
  0.04300326  0.19724483  0.06071662]

Example tree score =  0.9904 

Random Forest Score on data set  1  =  0.963103689631
AdaBoost Score on data set  1  =  0.948105189481
Random Forest Score on data set  2  =  0.962903709629
AdaBoost Score on data set  2  =  0.946405359464
Random Forest Score on data set  3  =  0.958604139586
AdaBoost Score on data set  3  =  0.938706129387
Random Forest Score on data set  4  =  0.966103389661
AdaBoost Score on data set  4  =  0.951804819518
Random Forest Score on data set  5  =  0.960403959604
AdaBoost Score on data set  5  =  0.944105589441
